<?xml version="1.0" encoding="UTF-8"?><testrun duration="6765" footerText="Generated by IntelliJ IDEA on 5/4/23, 5:58 PM" name="Tests in 'com.parasoft.demoapp.config'">
    <count name="total" value="44"/>
    <count name="passed" value="44"/>
    <config configId="GradleRunConfiguration" name="Tests in 'com.parasoft.demoapp.config'">
        <ExternalSystemSettings>
            <option name="executionName"/>
            <option name="externalProjectPath" value="D:/idea/parasoft-demo-app"/>
            <option name="externalSystemIdString" value="GRADLE"/>
            <option name="scriptParameters" value=""/>
            <option name="taskDescriptions">
                <list/>
            </option>
            <option name="taskNames">
                <list>
                    <option value=":test"/>
                    <option value="--tests"/>
                    <option value="&quot;com.parasoft.demoapp.config.*&quot;"/>
                </list>
            </option>
            <option name="vmOptions"/>
        </ExternalSystemSettings>
        <ExternalSystemDebugServerProcess/>
        <ExternalSystemReattachDebugProcess/>
        <EXTENSION ID="com.intellij.execution.ExternalSystemRunConfigurationJavaExtension">
            <extension name="coverage" track_test_folders="true"/>
        </EXTENSION>
        <DebugAllEnabled/>
        <method v="2"/>
    </config>
    <suite duration="18" locationUrl="java:suite://com.parasoft.demoapp.config.datasource.IndustryRoutingDataSourceTest" name="com.parasoft.demoapp.config.datasource.IndustryRoutingDataSourceTest" status="passed">
        <test duration="18" locationUrl="java:test://com.parasoft.demoapp.config.datasource.IndustryRoutingDataSourceTest.testDetermineTargetDataSource_exception_IllegalStateException" name="testDetermineTargetDataSource_exception_IllegalStateException()" status="passed"/>
    </suite>
    <suite duration="743" locationUrl="java:suite://com.parasoft.demoapp.config.interceptor.ParasoftJDBCProxyValidateInterceptorTest" name="com.parasoft.demoapp.config.interceptor.ParasoftJDBCProxyValidateInterceptorTest" status="passed">
        <test duration="613" locationUrl="java:test://com.parasoft.demoapp.config.interceptor.ParasoftJDBCProxyValidateInterceptorTest.preHandle_useParasoftJDBCProxy_successToConnect_needToRefreshProxyDataSource" name="preHandle_useParasoftJDBCProxy_successToConnect_needToRefreshProxyDataSource()" status="passed"/>
        <test duration="120" locationUrl="java:test://com.parasoft.demoapp.config.interceptor.ParasoftJDBCProxyValidateInterceptorTest.preHandle_useParasoftJDBCProxy_failToConnect" name="preHandle_useParasoftJDBCProxy_failToConnect()" status="passed">
            <output type="stderr">com.parasoft.demoapp.exception.VirtualizeServerUrlException: Refuse to connect&#13;
	at com.parasoft.demoapp.config.interceptor.ParasoftJDBCProxyValidateInterceptor.preHandle(ParasoftJDBCProxyValidateInterceptor.java:34)&#13;
	at com.parasoft.demoapp.config.interceptor.ParasoftJDBCProxyValidateInterceptorTest.preHandle_useParasoftJDBCProxy_failToConnect(ParasoftJDBCProxyValidateInterceptorTest.java:89)&#13;
	at org.junit.platform.commons.util.ReflectionUtils.invokeMethod(ReflectionUtils.java:675)&#13;
	at org.junit.jupiter.engine.execution.MethodInvocation.proceed(MethodInvocation.java:60)&#13;
	at org.junit.jupiter.engine.execution.InvocationInterceptorChain$ValidatingInvocation.proceed(InvocationInterceptorChain.java:125)&#13;
	at org.junit.jupiter.engine.extension.TimeoutExtension.intercept(TimeoutExtension.java:132)&#13;
	at org.junit.jupiter.engine.extension.TimeoutExtension.interceptTestableMethod(TimeoutExtension.java:124)&#13;
	at org.junit.jupiter.engine.extension.TimeoutExtension.interceptTestMethod(TimeoutExtension.java:74)&#13;
	at org.junit.jupiter.engine.execution.ExecutableInvoker$ReflectiveInterceptorCall.lambda$ofVoidMethod$0(ExecutableInvoker.java:115)&#13;
	at org.junit.jupiter.engine.execution.ExecutableInvoker.lambda$invoke$0(ExecutableInvoker.java:105)&#13;
	at org.junit.jupiter.engine.execution.InvocationInterceptorChain$InterceptedInvocation.proceed(InvocationInterceptorChain.java:104)&#13;
	at org.junit.jupiter.engine.execution.InvocationInterceptorChain.proceed(InvocationInterceptorChain.java:62)&#13;
	at org.junit.jupiter.engine.execution.InvocationInterceptorChain.chainAndInvoke(InvocationInterceptorChain.java:43)&#13;
	at org.junit.jupiter.engine.execution.InvocationInterceptorChain.invoke(InvocationInterceptorChain.java:35)&#13;
	at org.junit.jupiter.engine.execution.ExecutableInvoker.invoke(ExecutableInvoker.java:104)&#13;
	at org.junit.jupiter.engine.execution.ExecutableInvoker.invoke(ExecutableInvoker.java:98)&#13;
	at org.junit.jupiter.engine.descriptor.TestMethodTestDescriptor.lambda$invokeTestMethod$6(TestMethodTestDescriptor.java:202)&#13;
	at org.junit.platform.engine.support.hierarchical.ThrowableCollector.execute(ThrowableCollector.java:73)&#13;
	at org.junit.jupiter.engine.descriptor.TestMethodTestDescriptor.invokeTestMethod(TestMethodTestDescriptor.java:198)&#13;
	at org.junit.jupiter.engine.descriptor.TestMethodTestDescriptor.execute(TestMethodTestDescriptor.java:135)&#13;
	at org.junit.jupiter.engine.descriptor.TestMethodTestDescriptor.execute(TestMethodTestDescriptor.java:69)&#13;
	at org.junit.platform.engine.support.hierarchical.NodeTestTask.lambda$executeRecursively$5(NodeTestTask.java:135)&#13;
	at org.junit.platform.engine.support.hierarchical.ThrowableCollector.execute(ThrowableCollector.java:73)&#13;
	at org.junit.platform.engine.support.hierarchical.NodeTestTask.lambda$executeRecursively$7(NodeTestTask.java:125)&#13;
	at org.junit.platform.engine.support.hierarchical.Node.around(Node.java:135)&#13;
	at org.junit.platform.engine.support.hierarchical.NodeTestTask.lambda$executeRecursively$8(NodeTestTask.java:123)&#13;
	at org.junit.platform.engine.support.hierarchical.ThrowableCollector.execute(ThrowableCollector.java:73)&#13;
	at org.junit.platform.engine.support.hierarchical.NodeTestTask.executeRecursively(NodeTestTask.java:122)&#13;
	at org.junit.platform.engine.support.hierarchical.NodeTestTask.execute(NodeTestTask.java:80)&#13;
	at java.util.ArrayList.forEach(ArrayList.java:1257)&#13;
	at org.junit.platform.engine.support.hierarchical.SameThreadHierarchicalTestExecutorService.invokeAll(SameThreadHierarchicalTestExecutorService.java:38)&#13;
	at org.junit.platform.engine.support.hierarchical.NodeTestTask.lambda$executeRecursively$5(NodeTestTask.java:139)&#13;
	at org.junit.platform.engine.support.hierarchical.ThrowableCollector.execute(ThrowableCollector.java:73)&#13;
	at org.junit.platform.engine.support.hierarchical.NodeTestTask.lambda$executeRecursively$7(NodeTestTask.java:125)&#13;
	at org.junit.platform.engine.support.hierarchical.Node.around(Node.java:135)&#13;
	at org.junit.platform.engine.support.hierarchical.NodeTestTask.lambda$executeRecursively$8(NodeTestTask.java:123)&#13;
	at org.junit.platform.engine.support.hierarchical.ThrowableCollector.execute(ThrowableCollector.java:73)&#13;
	at org.junit.platform.engine.support.hierarchical.NodeTestTask.executeRecursively(NodeTestTask.java:122)&#13;
	at org.junit.platform.engine.support.hierarchical.NodeTestTask.execute(NodeTestTask.java:80)&#13;
	at java.util.ArrayList.forEach(ArrayList.java:1257)&#13;
	at org.junit.platform.engine.support.hierarchical.SameThreadHierarchicalTestExecutorService.invokeAll(SameThreadHierarchicalTestExecutorService.java:38)&#13;
	at org.junit.platform.engine.support.hierarchical.NodeTestTask.lambda$executeRecursively$5(NodeTestTask.java:139)&#13;
	at org.junit.platform.engine.support.hierarchical.ThrowableCollector.execute(ThrowableCollector.java:73)&#13;
	at org.junit.platform.engine.support.hierarchical.NodeTestTask.lambda$executeRecursively$7(NodeTestTask.java:125)&#13;
	at org.junit.platform.engine.support.hierarchical.Node.around(Node.java:135)&#13;
	at org.junit.platform.engine.support.hierarchical.NodeTestTask.lambda$executeRecursively$8(NodeTestTask.java:123)&#13;
	at org.junit.platform.engine.support.hierarchical.ThrowableCollector.execute(ThrowableCollector.java:73)&#13;
	at org.junit.platform.engine.support.hierarchical.NodeTestTask.executeRecursively(NodeTestTask.java:122)&#13;
	at org.junit.platform.engine.support.hierarchical.NodeTestTask.execute(NodeTestTask.java:80)&#13;
	at org.junit.platform.engine.support.hierarchical.SameThreadHierarchicalTestExecutorService.submit(SameThreadHierarchicalTestExecutorService.java:32)&#13;
	at org.junit.platform.engine.support.hierarchical.HierarchicalTestExecutor.execute(HierarchicalTestExecutor.java:57)&#13;
	at org.junit.platform.engine.support.hierarchical.HierarchicalTestEngine.execute(HierarchicalTestEngine.java:51)&#13;
	at org.junit.platform.launcher.core.DefaultLauncher.execute(DefaultLauncher.java:229)&#13;
	at org.junit.platform.launcher.core.DefaultLauncher.lambda$execute$6(DefaultLauncher.java:197)&#13;
	at org.junit.platform.launcher.core.DefaultLauncher.withInterceptedStreams(DefaultLauncher.java:211)&#13;
	at org.junit.platform.launcher.core.DefaultLauncher.execute(DefaultLauncher.java:191)&#13;
	at org.junit.platform.launcher.core.DefaultLauncher.execute(DefaultLauncher.java:128)&#13;
	at org.gradle.api.internal.tasks.testing.junitplatform.JUnitPlatformTestClassProcessor$CollectAllTestClassesExecutor.processAllTestClasses(JUnitPlatformTestClassProcessor.java:99)&#13;
	at org.gradle.api.internal.tasks.testing.junitplatform.JUnitPlatformTestClassProcessor$CollectAllTestClassesExecutor.access$000(JUnitPlatformTestClassProcessor.java:79)&#13;
	at org.gradle.api.internal.tasks.testing.junitplatform.JUnitPlatformTestClassProcessor.stop(JUnitPlatformTestClassProcessor.java:75)&#13;
	at org.gradle.api.internal.tasks.testing.SuiteTestClassProcessor.stop(SuiteTestClassProcessor.java:61)&#13;
	at org.gradle.internal.dispatch.ReflectionDispatch.dispatch(ReflectionDispatch.java:36)&#13;
	at org.gradle.internal.dispatch.ReflectionDispatch.dispatch(ReflectionDispatch.java:24)&#13;
	at org.gradle.internal.dispatch.ContextClassLoaderDispatch.dispatch(ContextClassLoaderDispatch.java:33)&#13;
	at org.gradle.internal.dispatch.ProxyDispatchAdapter$DispatchingInvocationHandler.invoke(ProxyDispatchAdapter.java:94)&#13;
	at org.gradle.api.internal.tasks.testing.worker.TestWorker.stop(TestWorker.java:132)&#13;
	at org.gradle.internal.dispatch.ReflectionDispatch.dispatch(ReflectionDispatch.java:36)&#13;
	at org.gradle.internal.dispatch.ReflectionDispatch.dispatch(ReflectionDispatch.java:24)&#13;
	at org.gradle.internal.remote.internal.hub.MessageHubBackedObjectConnection$DispatchWrapper.dispatch(MessageHubBackedObjectConnection.java:182)&#13;
	at org.gradle.internal.remote.internal.hub.MessageHubBackedObjectConnection$DispatchWrapper.dispatch(MessageHubBackedObjectConnection.java:164)&#13;
	at org.gradle.internal.remote.internal.hub.MessageHub$Handler.run(MessageHub.java:413)&#13;
	at org.gradle.internal.concurrent.ExecutorPolicy$CatchAndRecordFailures.onExecute(ExecutorPolicy.java:64)&#13;
	at org.gradle.internal.concurrent.ManagedExecutorImpl$1.run(ManagedExecutorImpl.java:48)&#13;
	at java.util.concurrent.ThreadPoolExecutor.runWorker(ThreadPoolExecutor.java:1149)&#13;
	at java.util.concurrent.ThreadPoolExecutor$Worker.run(ThreadPoolExecutor.java:624)&#13;
	at org.gradle.internal.concurrent.ThreadFactoryImpl$ManagedThreadRunnable.run(ThreadFactoryImpl.java:56)&#13;
	at java.lang.Thread.run(Thread.java:748)&#13;
</output>
        </test>
        <test duration="7" locationUrl="java:test://com.parasoft.demoapp.config.interceptor.ParasoftJDBCProxyValidateInterceptorTest.preHandle_notUseParasoftJDBCProxy" name="preHandle_notUseParasoftJDBCProxy()" status="passed"/>
        <test duration="3" locationUrl="java:test://com.parasoft.demoapp.config.interceptor.ParasoftJDBCProxyValidateInterceptorTest.preHandle_useParasoftJDBCProxy_successToConnect_noNeedToRefreshProxyDataSource" name="preHandle_useParasoftJDBCProxy_successToConnect_noNeedToRefreshProxyDataSource()" status="passed"/>
    </suite>
    <suite duration="3" locationUrl="java:suite://com.parasoft.demoapp.config.security.CustomAccessDeniedHandlerTest" name="com.parasoft.demoapp.config.security.CustomAccessDeniedHandlerTest" status="passed">
        <test duration="2" locationUrl="java:test://com.parasoft.demoapp.config.security.CustomAccessDeniedHandlerTest.handle_noRestApiRequest" name="handle_noRestApiRequest()" status="passed"/>
        <test duration="1" locationUrl="java:test://com.parasoft.demoapp.config.security.CustomAccessDeniedHandlerTest.handle_restApiRequest" name="handle_restApiRequest()" status="passed"/>
    </suite>
    <suite duration="1" locationUrl="java:suite://com.parasoft.demoapp.config.security.CustomAuthenticationFailureHandlerTest" name="com.parasoft.demoapp.config.security.CustomAuthenticationFailureHandlerTest" status="passed">
        <test duration="1" locationUrl="java:test://com.parasoft.demoapp.config.security.CustomAuthenticationFailureHandlerTest.onAuthenticationFailure" name="onAuthenticationFailure()" status="passed"/>
    </suite>
    <suite duration="9" locationUrl="java:suite://com.parasoft.demoapp.config.security.CustomAuthenticationSuccessHandlerTest" name="com.parasoft.demoapp.config.security.CustomAuthenticationSuccessHandlerTest" status="passed">
        <test duration="4" locationUrl="java:test://com.parasoft.demoapp.config.security.CustomAuthenticationSuccessHandlerTest.onAuthenticationSuccess_loginWithApproverUserOnNonAndroidDevice" name="onAuthenticationSuccess_loginWithApproverUserOnNonAndroidDevice()" status="passed"/>
        <test duration="2" locationUrl="java:test://com.parasoft.demoapp.config.security.CustomAuthenticationSuccessHandlerTest.onAuthenticationSuccess_loginWithPurchaserUserOnAndroidDevice" name="onAuthenticationSuccess_loginWithPurchaserUserOnAndroidDevice()" status="passed"/>
        <test duration="1" locationUrl="java:test://com.parasoft.demoapp.config.security.CustomAuthenticationSuccessHandlerTest.onAuthenticationSuccess_loginWithPurchaserUserOnNonAndroidDevice" name="onAuthenticationSuccess_loginWithPurchaserUserOnNonAndroidDevice()" status="passed"/>
        <test duration="2" locationUrl="java:test://com.parasoft.demoapp.config.security.CustomAuthenticationSuccessHandlerTest.onAuthenticationSuccess_loginWithApproverUserOnAndroidDevice" name="onAuthenticationSuccess_loginWithApproverUserOnAndroidDevice()" status="passed"/>
    </suite>
    <suite duration="39" locationUrl="java:suite://com.parasoft.demoapp.config.datasource.IndustryDataSourceConfigSpringTest" name="com.parasoft.demoapp.config.datasource.IndustryDataSourceConfigSpringTest" status="passed">
        <test duration="39" locationUrl="java:test://com.parasoft.demoapp.config.datasource.IndustryDataSourceConfigSpringTest.testIndustryTransactionManager_exceptionWithCustomizedMessage" name="testIndustryTransactionManager_exceptionWithCustomizedMessage" status="passed"/>
    </suite>
    <suite duration="136" locationUrl="java:suite://com.parasoft.demoapp.config.endpoint.CustomRouteLocatorTest" name="com.parasoft.demoapp.config.endpoint.CustomRouteLocatorTest" status="passed">
        <test duration="127" locationUrl="java:test://com.parasoft.demoapp.config.endpoint.CustomRouteLocatorTest.testLocateRoutes_normal_emptyUrl" name="testLocateRoutes_normal_emptyUrl" status="passed">
            <output type="stdout">2023-05-04 17:57:27.984  INFO 36892 --- [    Test worker] c.p.d.c.endpoint.CustomRouteLocator      : Endpoints routes:
/proxy/v1/assets/categories/** ---&gt; http://localhost:8080/v1/assets/categories
/proxy/v1/assets/items/** ---&gt; http://localhost:8080/v1/assets/items
/proxy/v1/cartItems/** ---&gt; http://localhost:8080/v1/cartItems
/proxy/v1/orders/** ---&gt; http://localhost:8080/v1/orders
/proxy/v1/locations/** ---&gt; http://localhost:8080/v1/locations
/proxy/graphql/** ---&gt; null&#13;
</output>
        </test>
        <test duration="1" locationUrl="java:test://com.parasoft.demoapp.config.endpoint.CustomRouteLocatorTest.testLocateRoutes_normal_emptyPath" name="testLocateRoutes_normal_emptyPath" status="passed">
            <output type="stdout">2023-05-04 17:57:27.985  INFO 36892 --- [    Test worker] c.p.d.c.endpoint.CustomRouteLocator      : Endpoints routes:
/proxy/v1/assets/categories/** ---&gt; http://localhost:8080/v1/assets/categories
/proxy/v1/assets/items/** ---&gt; http://localhost:8080/v1/assets/items
/proxy/v1/cartItems/** ---&gt; http://localhost:8080/v1/cartItems
/proxy/v1/orders/** ---&gt; http://localhost:8080/v1/orders
/proxy/v1/locations/** ---&gt; http://localhost:8080/v1/locations
/proxy/graphql/** ---&gt; null&#13;
</output>
        </test>
        <test duration="1" locationUrl="java:test://com.parasoft.demoapp.config.endpoint.CustomRouteLocatorTest.testLocateRoutes_normal_nullPath" name="testLocateRoutes_normal_nullPath" status="passed">
            <output type="stdout">2023-05-04 17:57:27.986  INFO 36892 --- [    Test worker] c.p.d.c.endpoint.CustomRouteLocator      : Endpoints routes:
/proxy/v1/assets/categories/** ---&gt; http://localhost:8080/v1/assets/categories
/proxy/v1/assets/items/** ---&gt; http://localhost:8080/v1/assets/items
/proxy/v1/cartItems/** ---&gt; http://localhost:8080/v1/cartItems
/proxy/v1/orders/** ---&gt; http://localhost:8080/v1/orders
/proxy/v1/locations/** ---&gt; http://localhost:8080/v1/locations
/proxy/graphql/** ---&gt; null&#13;
</output>
        </test>
        <test duration="1" locationUrl="java:test://com.parasoft.demoapp.config.endpoint.CustomRouteLocatorTest.testLocateRoutes_normal_nullUrl" name="testLocateRoutes_normal_nullUrl" status="passed">
            <output type="stdout">2023-05-04 17:57:27.987  INFO 36892 --- [    Test worker] c.p.d.c.endpoint.CustomRouteLocator      : Endpoints routes:
/proxy/v1/assets/categories/** ---&gt; http://localhost:8080/v1/assets/categories
/proxy/v1/assets/items/** ---&gt; http://localhost:8080/v1/assets/items
/proxy/v1/cartItems/** ---&gt; http://localhost:8080/v1/cartItems
/proxy/v1/orders/** ---&gt; http://localhost:8080/v1/orders
/proxy/v1/locations/** ---&gt; http://localhost:8080/v1/locations
/proxy/graphql/** ---&gt; null&#13;
</output>
        </test>
        <test duration="1" locationUrl="java:test://com.parasoft.demoapp.config.endpoint.CustomRouteLocatorTest.testLocateRoutes_normal" name="testLocateRoutes_normal" status="passed">
            <output type="stdout">2023-05-04 17:57:27.988  INFO 36892 --- [    Test worker] c.p.d.c.endpoint.CustomRouteLocator      : Endpoints routes:
/proxy/v1/assets/categories/** ---&gt; http://localhost:8080/v1/assets/categories
/proxy/v1/assets/items/** ---&gt; http://localhost:8080/v1/assets/items
/proxy/v1/cartItems/** ---&gt; http://localhost:8080/v1/cartItems
/proxy/v1/orders/** ---&gt; http://localhost:8080/v1/orders
/proxy/v1/locations/** ---&gt; http://localhost:8080/v1/locations
/v1/assets/** ---&gt; http://localhost:8080/v1/assets/
/proxy/graphql/** ---&gt; null&#13;
</output>
        </test>
        <test duration="3" locationUrl="java:test://com.parasoft.demoapp.config.endpoint.CustomRouteLocatorTest.testRefresh" name="testRefresh" status="passed">
            <output type="stdout">2023-05-04 17:57:27.989  INFO 36892 --- [    Test worker] c.p.d.c.endpoint.CustomRouteLocator      : Endpoints routes:
/proxy/v1/assets/categories/** ---&gt; http://localhost:8080/v1/assets/categories
/proxy/v1/assets/items/** ---&gt; http://localhost:8080/v1/assets/items
/proxy/v1/cartItems/** ---&gt; http://localhost:8080/v1/cartItems
/proxy/v1/orders/** ---&gt; http://localhost:8080/v1/orders
/proxy/v1/locations/** ---&gt; http://localhost:8080/v1/locations
/proxy/graphql/** ---&gt; null&#13;
</output>
        </test>
        <test duration="2" locationUrl="java:test://com.parasoft.demoapp.config.endpoint.CustomRouteLocatorTest.testLocateRoutes_normal_pathWithoutSlash" name="testLocateRoutes_normal_pathWithoutSlash" status="passed">
            <output type="stdout">2023-05-04 17:57:27.993  INFO 36892 --- [    Test worker] c.p.d.c.endpoint.CustomRouteLocator      : Endpoints routes:
/proxy/v1/assets/categories/** ---&gt; http://localhost:8080/v1/assets/categories
/proxy/v1/assets/items/** ---&gt; http://localhost:8080/v1/assets/items
/proxy/v1/cartItems/** ---&gt; http://localhost:8080/v1/cartItems
/proxy/v1/orders/** ---&gt; http://localhost:8080/v1/orders
/proxy/v1/locations/** ---&gt; http://localhost:8080/v1/locations
v1/assets/** ---&gt; http://localhost:8080/v1/assets/
/proxy/graphql/** ---&gt; null&#13;
</output>
        </test>
    </suite>
    <suite duration="1" locationUrl="java:suite://com.parasoft.demoapp.config.ImplementedIndustriesParameterizedTest" name="com.parasoft.demoapp.config.ImplementedIndustriesParameterizedTest" status="passed">
        <test duration="0" locationUrl="java:test://com.parasoft.demoapp.config.ImplementedIndustriesParameterizedTest.testIsIndustryImplemented(DEFENSE, true) [0]" name="testIsIndustryImplemented(DEFENSE, true) [0]" status="passed"/>
        <test duration="0" locationUrl="java:test://com.parasoft.demoapp.config.ImplementedIndustriesParameterizedTest.testIsIndustryImplemented(AEROSPACE, true) [1]" name="testIsIndustryImplemented(AEROSPACE, true) [1]" status="passed"/>
        <test duration="0" locationUrl="java:test://com.parasoft.demoapp.config.ImplementedIndustriesParameterizedTest.testIsIndustryImplemented(OUTDOOR, true) [2]" name="testIsIndustryImplemented(OUTDOOR, true) [2]" status="passed"/>
        <test duration="1" locationUrl="java:test://com.parasoft.demoapp.config.ImplementedIndustriesParameterizedTest.testIsIndustryImplemented(HEALTHCARE, false) [3]" name="testIsIndustryImplemented(HEALTHCARE, false) [3]" status="passed"/>
        <test duration="0" locationUrl="java:test://com.parasoft.demoapp.config.ImplementedIndustriesParameterizedTest.testIsIndustryImplemented(GOVERNMENT, false) [4]" name="testIsIndustryImplemented(GOVERNMENT, false) [4]" status="passed"/>
        <test duration="0" locationUrl="java:test://com.parasoft.demoapp.config.ImplementedIndustriesParameterizedTest.testIsIndustryImplemented(RETAIL, false) [5]" name="testIsIndustryImplemented(RETAIL, false) [5]" status="passed"/>
    </suite>
    <suite duration="0" locationUrl="java:suite://com.parasoft.demoapp.config.ImplementedIndustriesTest" name="com.parasoft.demoapp.config.ImplementedIndustriesTest" status="passed">
        <test duration="0" locationUrl="java:test://com.parasoft.demoapp.config.ImplementedIndustriesTest.testGet" name="testGet" status="passed"/>
    </suite>
    <suite duration="5225" locationUrl="java:suite://com.parasoft.demoapp.config.MQIntegrationTest" name="com.parasoft.demoapp.config.MQIntegrationTest" status="passed">
        <test duration="5225" locationUrl="java:test://com.parasoft.demoapp.config.MQIntegrationTest.testOrderFlowAgainstDifferentMQs" name="testOrderFlowAgainstDifferentMQs" status="passed">
            <output type="stdout">2023-05-04 17:57:43.798  INFO 36892 --- [    Test worker] c.p.demoapp.service.OrderMQService       : Order service sent a message to ActiveMQ: queue://inventory.request 
 Message content: InventoryOperationRequestMessageDTO(operation=DECREASE, orderNumber=23-456-001, inventoryInfos=[InventoryInfoDTO(itemId=1, quantity=1)], info=null)&#13;
2023-05-04 17:57:44.751  INFO 36892 --- [enerContainer-2] .a.ActiveMQInventoryRequestQueueListener : Inventory service receives a message from queue://inventory.request 
 Message content: InventoryOperationRequestMessageDTO(operation=DECREASE, orderNumber=23-456-001, inventoryInfos=[InventoryInfoDTO(itemId=1, quantity=1)], info=null)&#13;
2023-05-04 17:57:44.763  INFO 36892 --- [enerContainer-2] .a.ActiveMQInventoryRequestQueueListener : Inventory service replied a message to queue://inventory.response(default JMSReplyTo destination: true) 
 Message content: InventoryOperationResultMessageDTO(operation=DECREASE, orderNumber=23-456-001, status=SUCCESS, info=null)&#13;
2023-05-04 17:57:44.770  INFO 36892 --- [enerContainer-2] a.ActiveMQInventoryResponseQueueListener : Order service receives a message from queue://inventory.response 
 Message content: InventoryOperationResultMessageDTO(operation=DECREASE, orderNumber=23-456-001, status=SUCCESS, info=null)&#13;
2023-05-04 17:57:44.791  INFO 36892 --- [enerContainer-2] a.ActiveMQInventoryResponseQueueListener : Order service has no response message to reply.&#13;
2023-05-04 17:57:44.819  INFO 36892 --- [    Test worker] c.p.demoapp.service.OrderMQService       : Order service sent a message to ActiveMQ: queue://inventory.request 
 Message content: InventoryOperationRequestMessageDTO(operation=INCREASE, orderNumber=23-456-001, inventoryInfos=[InventoryInfoDTO(itemId=1, quantity=1)], info=null)&#13;
2023-05-04 17:57:44.821  INFO 36892 --- [enerContainer-2] .a.ActiveMQInventoryRequestQueueListener : Inventory service receives a message from queue://inventory.request 
 Message content: InventoryOperationRequestMessageDTO(operation=INCREASE, orderNumber=23-456-001, inventoryInfos=[InventoryInfoDTO(itemId=1, quantity=1)], info=null)&#13;
2023-05-04 17:57:44.825  INFO 36892 --- [enerContainer-2] .a.ActiveMQInventoryRequestQueueListener : Inventory service replied a message to queue://inventory.response(default JMSReplyTo destination: true) 
 Message content: InventoryOperationResultMessageDTO(operation=INCREASE, orderNumber=23-456-001, status=SUCCESS, info=null)&#13;
2023-05-04 17:57:44.827  INFO 36892 --- [enerContainer-2] a.ActiveMQInventoryResponseQueueListener : Order service receives a message from queue://inventory.response 
 Message content: InventoryOperationResultMessageDTO(operation=INCREASE, orderNumber=23-456-001, status=SUCCESS, info=null)&#13;
2023-05-04 17:57:44.828  INFO 36892 --- [enerContainer-2] a.ActiveMQInventoryResponseQueueListener : Order service has no response message to reply.&#13;
2023-05-04 17:57:44.847  INFO 36892 --- [    Test worker] o.a.k.clients.admin.AdminClientConfig    : AdminClientConfig values: &#13;
	bootstrap.servers = [localhost:9092]&#13;
	client.dns.lookup = use_all_dns_ips&#13;
	client.id = &#13;
	connections.max.idle.ms = 300000&#13;
	default.api.timeout.ms = 60000&#13;
	metadata.max.age.ms = 300000&#13;
	metric.reporters = []&#13;
	metrics.num.samples = 2&#13;
	metrics.recording.level = INFO&#13;
	metrics.sample.window.ms = 30000&#13;
	receive.buffer.bytes = 65536&#13;
	reconnect.backoff.max.ms = 1000&#13;
	reconnect.backoff.ms = 50&#13;
	request.timeout.ms = 30000&#13;
	retries = 2147483647&#13;
	retry.backoff.ms = 100&#13;
	sasl.client.callback.handler.class = null&#13;
	sasl.jaas.config = null&#13;
	sasl.kerberos.kinit.cmd = /usr/bin/kinit&#13;
	sasl.kerberos.min.time.before.relogin = 60000&#13;
	sasl.kerberos.service.name = null&#13;
	sasl.kerberos.ticket.renew.jitter = 0.05&#13;
	sasl.kerberos.ticket.renew.window.factor = 0.8&#13;
	sasl.login.callback.handler.class = null&#13;
	sasl.login.class = null&#13;
	sasl.login.connect.timeout.ms = null&#13;
	sasl.login.read.timeout.ms = null&#13;
	sasl.login.refresh.buffer.seconds = 300&#13;
	sasl.login.refresh.min.period.seconds = 60&#13;
	sasl.login.refresh.window.factor = 0.8&#13;
	sasl.login.refresh.window.jitter = 0.05&#13;
	sasl.login.retry.backoff.max.ms = 10000&#13;
	sasl.login.retry.backoff.ms = 100&#13;
	sasl.mechanism = GSSAPI&#13;
	sasl.oauthbearer.clock.skew.seconds = 30&#13;
	sasl.oauthbearer.expected.audience = null&#13;
	sasl.oauthbearer.expected.issuer = null&#13;
	sasl.oauthbearer.jwks.endpoint.refresh.ms = 3600000&#13;
	sasl.oauthbearer.jwks.endpoint.retry.backoff.max.ms = 10000&#13;
	sasl.oauthbearer.jwks.endpoint.retry.backoff.ms = 100&#13;
	sasl.oauthbearer.jwks.endpoint.url = null&#13;
	sasl.oauthbearer.scope.claim.name = scope&#13;
	sasl.oauthbearer.sub.claim.name = sub&#13;
	sasl.oauthbearer.token.endpoint.url = null&#13;
	security.protocol = PLAINTEXT&#13;
	security.providers = null&#13;
	send.buffer.bytes = 131072&#13;
	socket.connection.setup.timeout.max.ms = 30000&#13;
	socket.connection.setup.timeout.ms = 10000&#13;
	ssl.cipher.suites = null&#13;
	ssl.enabled.protocols = [TLSv1.2]&#13;
	ssl.endpoint.identification.algorithm = https&#13;
	ssl.engine.factory.class = null&#13;
	ssl.key.password = null&#13;
	ssl.keymanager.algorithm = SunX509&#13;
	ssl.keystore.certificate.chain = null&#13;
	ssl.keystore.key = null&#13;
	ssl.keystore.location = null&#13;
	ssl.keystore.password = null&#13;
	ssl.keystore.type = JKS&#13;
	ssl.protocol = TLSv1.2&#13;
	ssl.provider = null&#13;
	ssl.secure.random.implementation = null&#13;
	ssl.trustmanager.algorithm = PKIX&#13;
	ssl.truststore.certificates = null&#13;
	ssl.truststore.location = null&#13;
	ssl.truststore.password = null&#13;
	ssl.truststore.type = JKS&#13;
&#13;
2023-05-04 17:57:44.852  INFO 36892 --- [    Test worker] o.a.kafka.common.utils.AppInfoParser     : Kafka version: 3.2.3&#13;
2023-05-04 17:57:44.852  INFO 36892 --- [    Test worker] o.a.kafka.common.utils.AppInfoParser     : Kafka commitId: 50029d3ed8ba576f&#13;
2023-05-04 17:57:44.852  INFO 36892 --- [    Test worker] o.a.kafka.common.utils.AppInfoParser     : Kafka startTimeMs: 1683194264852&#13;
2023-05-04 17:57:44.882  INFO 36892 --- [| adminclient-2] o.a.kafka.common.utils.AppInfoParser     : App info kafka.admin.client for adminclient-2 unregistered&#13;
2023-05-04 17:57:44.885  INFO 36892 --- [| adminclient-2] org.apache.kafka.common.metrics.Metrics  : Metrics scheduler closed&#13;
2023-05-04 17:57:44.885  INFO 36892 --- [| adminclient-2] org.apache.kafka.common.metrics.Metrics  : Closing reporter org.apache.kafka.common.metrics.JmxReporter&#13;
2023-05-04 17:57:44.885  INFO 36892 --- [| adminclient-2] org.apache.kafka.common.metrics.Metrics  : Metrics reporters closed&#13;
2023-05-04 17:57:44.898  INFO 36892 --- [    Test worker] c.p.d.c.endpoint.CustomRouteLocator      : Endpoints routes:
/proxy/v1/cartItems/** ---&gt; http://localhost:8081/v1/cartItems
/proxy/v1/assets/categories/** ---&gt; http://localhost:8081/v1/assets/categories
/proxy/v1/assets/items/** ---&gt; http://localhost:8081/v1/assets/items
/proxy/v1/locations/** ---&gt; http://localhost:8081/v1/locations
/proxy/v1/orders/** ---&gt; http://localhost:8081/v1/orders
/proxy/graphql/** ---&gt; http://localhost:8081/graphql&#13;
2023-05-04 17:57:44.971  INFO 36892 --- [    Test worker] o.a.k.clients.consumer.ConsumerConfig    : ConsumerConfig values: &#13;
	allow.auto.create.topics = true&#13;
	auto.commit.interval.ms = 5000&#13;
	auto.offset.reset = earliest&#13;
	bootstrap.servers = [localhost:9092]&#13;
	check.crcs = true&#13;
	client.dns.lookup = use_all_dns_ips&#13;
	client.id = consumer-inventory-operation-1&#13;
	client.rack = &#13;
	connections.max.idle.ms = 540000&#13;
	default.api.timeout.ms = 60000&#13;
	enable.auto.commit = false&#13;
	exclude.internal.topics = true&#13;
	fetch.max.bytes = 52428800&#13;
	fetch.max.wait.ms = 500&#13;
	fetch.min.bytes = 1&#13;
	group.id = inventory-operation&#13;
	group.instance.id = null&#13;
	heartbeat.interval.ms = 3000&#13;
	interceptor.classes = []&#13;
	internal.leave.group.on.close = true&#13;
	internal.throw.on.fetch.stable.offset.unsupported = false&#13;
	isolation.level = read_uncommitted&#13;
	key.deserializer = class org.apache.kafka.common.serialization.StringDeserializer&#13;
	max.partition.fetch.bytes = 1048576&#13;
	max.poll.interval.ms = 300000&#13;
	max.poll.records = 500&#13;
	metadata.max.age.ms = 300000&#13;
	metric.reporters = []&#13;
	metrics.num.samples = 2&#13;
	metrics.recording.level = INFO&#13;
	metrics.sample.window.ms = 30000&#13;
	partition.assignment.strategy = [class org.apache.kafka.clients.consumer.RangeAssignor, class org.apache.kafka.clients.consumer.CooperativeStickyAssignor]&#13;
	receive.buffer.bytes = 65536&#13;
	reconnect.backoff.max.ms = 1000&#13;
	reconnect.backoff.ms = 50&#13;
	request.timeout.ms = 30000&#13;
	retry.backoff.ms = 100&#13;
	sasl.client.callback.handler.class = null&#13;
	sasl.jaas.config = null&#13;
	sasl.kerberos.kinit.cmd = /usr/bin/kinit&#13;
	sasl.kerberos.min.time.before.relogin = 60000&#13;
	sasl.kerberos.service.name = null&#13;
	sasl.kerberos.ticket.renew.jitter = 0.05&#13;
	sasl.kerberos.ticket.renew.window.factor = 0.8&#13;
	sasl.login.callback.handler.class = null&#13;
	sasl.login.class = null&#13;
	sasl.login.connect.timeout.ms = null&#13;
	sasl.login.read.timeout.ms = null&#13;
	sasl.login.refresh.buffer.seconds = 300&#13;
	sasl.login.refresh.min.period.seconds = 60&#13;
	sasl.login.refresh.window.factor = 0.8&#13;
	sasl.login.refresh.window.jitter = 0.05&#13;
	sasl.login.retry.backoff.max.ms = 10000&#13;
	sasl.login.retry.backoff.ms = 100&#13;
	sasl.mechanism = GSSAPI&#13;
	sasl.oauthbearer.clock.skew.seconds = 30&#13;
	sasl.oauthbearer.expected.audience = null&#13;
	sasl.oauthbearer.expected.issuer = null&#13;
	sasl.oauthbearer.jwks.endpoint.refresh.ms = 3600000&#13;
	sasl.oauthbearer.jwks.endpoint.retry.backoff.max.ms = 10000&#13;
	sasl.oauthbearer.jwks.endpoint.retry.backoff.ms = 100&#13;
	sasl.oauthbearer.jwks.endpoint.url = null&#13;
	sasl.oauthbearer.scope.claim.name = scope&#13;
	sasl.oauthbearer.sub.claim.name = sub&#13;
	sasl.oauthbearer.token.endpoint.url = null&#13;
	security.protocol = PLAINTEXT&#13;
	security.providers = null&#13;
	send.buffer.bytes = 131072&#13;
	session.timeout.ms = 45000&#13;
	socket.connection.setup.timeout.max.ms = 30000&#13;
	socket.connection.setup.timeout.ms = 10000&#13;
	ssl.cipher.suites = null&#13;
	ssl.enabled.protocols = [TLSv1.2]&#13;
	ssl.endpoint.identification.algorithm = https&#13;
	ssl.engine.factory.class = null&#13;
	ssl.key.password = null&#13;
	ssl.keymanager.algorithm = SunX509&#13;
	ssl.keystore.certificate.chain = null&#13;
	ssl.keystore.key = null&#13;
	ssl.keystore.location = null&#13;
	ssl.keystore.password = null&#13;
	ssl.keystore.type = JKS&#13;
	ssl.protocol = TLSv1.2&#13;
	ssl.provider = null&#13;
	ssl.secure.random.implementation = null&#13;
	ssl.trustmanager.algorithm = PKIX&#13;
	ssl.truststore.certificates = null&#13;
	ssl.truststore.location = null&#13;
	ssl.truststore.password = null&#13;
	ssl.truststore.type = JKS&#13;
	value.deserializer = class org.springframework.kafka.support.serializer.ErrorHandlingDeserializer&#13;
&#13;
2023-05-04 17:57:45.033  WARN 36892 --- [    Test worker] o.a.k.clients.consumer.ConsumerConfig    : The configuration 'spring.json.add.type.headers' was supplied but isn't a known config.&#13;
2023-05-04 17:57:45.033  INFO 36892 --- [    Test worker] o.a.kafka.common.utils.AppInfoParser     : Kafka version: 3.2.3&#13;
2023-05-04 17:57:45.033  INFO 36892 --- [    Test worker] o.a.kafka.common.utils.AppInfoParser     : Kafka commitId: 50029d3ed8ba576f&#13;
2023-05-04 17:57:45.033  INFO 36892 --- [    Test worker] o.a.kafka.common.utils.AppInfoParser     : Kafka startTimeMs: 1683194265033&#13;
2023-05-04 17:57:45.037  INFO 36892 --- [    Test worker] o.a.k.clients.consumer.KafkaConsumer     : [Consumer clientId=consumer-inventory-operation-1, groupId=inventory-operation] Subscribed to topic(s): inventory.request&#13;
2023-05-04 17:57:45.044  INFO 36892 --- [    Test worker] o.s.s.c.ThreadPoolTaskScheduler          : Initializing ExecutorService&#13;
2023-05-04 17:57:45.056  INFO 36892 --- [    Test worker] o.a.k.clients.consumer.ConsumerConfig    : ConsumerConfig values: &#13;
	allow.auto.create.topics = true&#13;
	auto.commit.interval.ms = 5000&#13;
	auto.offset.reset = earliest&#13;
	bootstrap.servers = [localhost:9092]&#13;
	check.crcs = true&#13;
	client.dns.lookup = use_all_dns_ips&#13;
	client.id = consumer-inventory-operation-2&#13;
	client.rack = &#13;
	connections.max.idle.ms = 540000&#13;
	default.api.timeout.ms = 60000&#13;
	enable.auto.commit = false&#13;
	exclude.internal.topics = true&#13;
	fetch.max.bytes = 52428800&#13;
	fetch.max.wait.ms = 500&#13;
	fetch.min.bytes = 1&#13;
	group.id = inventory-operation&#13;
	group.instance.id = null&#13;
	heartbeat.interval.ms = 3000&#13;
	interceptor.classes = []&#13;
	internal.leave.group.on.close = true&#13;
	internal.throw.on.fetch.stable.offset.unsupported = false&#13;
	isolation.level = read_uncommitted&#13;
	key.deserializer = class org.apache.kafka.common.serialization.StringDeserializer&#13;
	max.partition.fetch.bytes = 1048576&#13;
	max.poll.interval.ms = 300000&#13;
	max.poll.records = 500&#13;
	metadata.max.age.ms = 300000&#13;
	metric.reporters = []&#13;
	metrics.num.samples = 2&#13;
	metrics.recording.level = INFO&#13;
	metrics.sample.window.ms = 30000&#13;
	partition.assignment.strategy = [class org.apache.kafka.clients.consumer.RangeAssignor, class org.apache.kafka.clients.consumer.CooperativeStickyAssignor]&#13;
	receive.buffer.bytes = 65536&#13;
	reconnect.backoff.max.ms = 1000&#13;
	reconnect.backoff.ms = 50&#13;
	request.timeout.ms = 30000&#13;
	retry.backoff.ms = 100&#13;
	sasl.client.callback.handler.class = null&#13;
	sasl.jaas.config = null&#13;
	sasl.kerberos.kinit.cmd = /usr/bin/kinit&#13;
	sasl.kerberos.min.time.before.relogin = 60000&#13;
	sasl.kerberos.service.name = null&#13;
	sasl.kerberos.ticket.renew.jitter = 0.05&#13;
	sasl.kerberos.ticket.renew.window.factor = 0.8&#13;
	sasl.login.callback.handler.class = null&#13;
	sasl.login.class = null&#13;
	sasl.login.connect.timeout.ms = null&#13;
	sasl.login.read.timeout.ms = null&#13;
	sasl.login.refresh.buffer.seconds = 300&#13;
	sasl.login.refresh.min.period.seconds = 60&#13;
	sasl.login.refresh.window.factor = 0.8&#13;
	sasl.login.refresh.window.jitter = 0.05&#13;
	sasl.login.retry.backoff.max.ms = 10000&#13;
	sasl.login.retry.backoff.ms = 100&#13;
	sasl.mechanism = GSSAPI&#13;
	sasl.oauthbearer.clock.skew.seconds = 30&#13;
	sasl.oauthbearer.expected.audience = null&#13;
	sasl.oauthbearer.expected.issuer = null&#13;
	sasl.oauthbearer.jwks.endpoint.refresh.ms = 3600000&#13;
	sasl.oauthbearer.jwks.endpoint.retry.backoff.max.ms = 10000&#13;
	sasl.oauthbearer.jwks.endpoint.retry.backoff.ms = 100&#13;
	sasl.oauthbearer.jwks.endpoint.url = null&#13;
	sasl.oauthbearer.scope.claim.name = scope&#13;
	sasl.oauthbearer.sub.claim.name = sub&#13;
	sasl.oauthbearer.token.endpoint.url = null&#13;
	security.protocol = PLAINTEXT&#13;
	security.providers = null&#13;
	send.buffer.bytes = 131072&#13;
	session.timeout.ms = 45000&#13;
	socket.connection.setup.timeout.max.ms = 30000&#13;
	socket.connection.setup.timeout.ms = 10000&#13;
	ssl.cipher.suites = null&#13;
	ssl.enabled.protocols = [TLSv1.2]&#13;
	ssl.endpoint.identification.algorithm = https&#13;
	ssl.engine.factory.class = null&#13;
	ssl.key.password = null&#13;
	ssl.keymanager.algorithm = SunX509&#13;
	ssl.keystore.certificate.chain = null&#13;
	ssl.keystore.key = null&#13;
	ssl.keystore.location = null&#13;
	ssl.keystore.password = null&#13;
	ssl.keystore.type = JKS&#13;
	ssl.protocol = TLSv1.2&#13;
	ssl.provider = null&#13;
	ssl.secure.random.implementation = null&#13;
	ssl.trustmanager.algorithm = PKIX&#13;
	ssl.truststore.certificates = null&#13;
	ssl.truststore.location = null&#13;
	ssl.truststore.password = null&#13;
	ssl.truststore.type = JKS&#13;
	value.deserializer = class org.springframework.kafka.support.serializer.ErrorHandlingDeserializer&#13;
&#13;
2023-05-04 17:57:45.063  WARN 36892 --- [    Test worker] o.a.k.clients.consumer.ConsumerConfig    : The configuration 'spring.json.add.type.headers' was supplied but isn't a known config.&#13;
2023-05-04 17:57:45.063  INFO 36892 --- [    Test worker] o.a.kafka.common.utils.AppInfoParser     : Kafka version: 3.2.3&#13;
2023-05-04 17:57:45.063  INFO 36892 --- [    Test worker] o.a.kafka.common.utils.AppInfoParser     : Kafka commitId: 50029d3ed8ba576f&#13;
2023-05-04 17:57:45.063  INFO 36892 --- [    Test worker] o.a.kafka.common.utils.AppInfoParser     : Kafka startTimeMs: 1683194265063&#13;
2023-05-04 17:57:45.064  INFO 36892 --- [    Test worker] o.a.k.clients.consumer.KafkaConsumer     : [Consumer clientId=consumer-inventory-operation-2, groupId=inventory-operation] Subscribed to topic(s): inventory.response&#13;
2023-05-04 17:57:45.064  INFO 36892 --- [    Test worker] o.s.s.c.ThreadPoolTaskScheduler          : Initializing ExecutorService&#13;
2023-05-04 17:57:45.131  INFO 36892 --- [    Test worker] o.a.k.clients.producer.ProducerConfig    : ProducerConfig values: &#13;
	acks = -1&#13;
	batch.size = 16384&#13;
	bootstrap.servers = [localhost:9092]&#13;
	buffer.memory = 33554432&#13;
	client.dns.lookup = use_all_dns_ips&#13;
	client.id = producer-1&#13;
	compression.type = none&#13;
	connections.max.idle.ms = 540000&#13;
	delivery.timeout.ms = 120000&#13;
	enable.idempotence = true&#13;
	interceptor.classes = []&#13;
	key.serializer = class org.apache.kafka.common.serialization.StringSerializer&#13;
	linger.ms = 0&#13;
	max.block.ms = 2000&#13;
	max.in.flight.requests.per.connection = 5&#13;
	max.request.size = 1048576&#13;
	metadata.max.age.ms = 300000&#13;
	metadata.max.idle.ms = 300000&#13;
	metric.reporters = []&#13;
	metrics.num.samples = 2&#13;
	metrics.recording.level = INFO&#13;
	metrics.sample.window.ms = 30000&#13;
	partitioner.class = class org.apache.kafka.clients.producer.internals.DefaultPartitioner&#13;
	receive.buffer.bytes = 32768&#13;
	reconnect.backoff.max.ms = 1000&#13;
	reconnect.backoff.ms = 50&#13;
	request.timeout.ms = 30000&#13;
	retries = 2147483647&#13;
	retry.backoff.ms = 100&#13;
	sasl.client.callback.handler.class = null&#13;
	sasl.jaas.config = null&#13;
	sasl.kerberos.kinit.cmd = /usr/bin/kinit&#13;
	sasl.kerberos.min.time.before.relogin = 60000&#13;
	sasl.kerberos.service.name = null&#13;
	sasl.kerberos.ticket.renew.jitter = 0.05&#13;
	sasl.kerberos.ticket.renew.window.factor = 0.8&#13;
	sasl.login.callback.handler.class = null&#13;
	sasl.login.class = null&#13;
	sasl.login.connect.timeout.ms = null&#13;
	sasl.login.read.timeout.ms = null&#13;
	sasl.login.refresh.buffer.seconds = 300&#13;
	sasl.login.refresh.min.period.seconds = 60&#13;
	sasl.login.refresh.window.factor = 0.8&#13;
	sasl.login.refresh.window.jitter = 0.05&#13;
	sasl.login.retry.backoff.max.ms = 10000&#13;
	sasl.login.retry.backoff.ms = 100&#13;
	sasl.mechanism = GSSAPI&#13;
	sasl.oauthbearer.clock.skew.seconds = 30&#13;
	sasl.oauthbearer.expected.audience = null&#13;
	sasl.oauthbearer.expected.issuer = null&#13;
	sasl.oauthbearer.jwks.endpoint.refresh.ms = 3600000&#13;
	sasl.oauthbearer.jwks.endpoint.retry.backoff.max.ms = 10000&#13;
	sasl.oauthbearer.jwks.endpoint.retry.backoff.ms = 100&#13;
	sasl.oauthbearer.jwks.endpoint.url = null&#13;
	sasl.oauthbearer.scope.claim.name = scope&#13;
	sasl.oauthbearer.sub.claim.name = sub&#13;
	sasl.oauthbearer.token.endpoint.url = null&#13;
	security.protocol = PLAINTEXT&#13;
	security.providers = null&#13;
	send.buffer.bytes = 131072&#13;
	socket.connection.setup.timeout.max.ms = 30000&#13;
	socket.connection.setup.timeout.ms = 10000&#13;
	ssl.cipher.suites = null&#13;
	ssl.enabled.protocols = [TLSv1.2]&#13;
	ssl.endpoint.identification.algorithm = https&#13;
	ssl.engine.factory.class = null&#13;
	ssl.key.password = null&#13;
	ssl.keymanager.algorithm = SunX509&#13;
	ssl.keystore.certificate.chain = null&#13;
	ssl.keystore.key = null&#13;
	ssl.keystore.location = null&#13;
	ssl.keystore.password = null&#13;
	ssl.keystore.type = JKS&#13;
	ssl.protocol = TLSv1.2&#13;
	ssl.provider = null&#13;
	ssl.secure.random.implementation = null&#13;
	ssl.trustmanager.algorithm = PKIX&#13;
	ssl.truststore.certificates = null&#13;
	ssl.truststore.location = null&#13;
	ssl.truststore.password = null&#13;
	ssl.truststore.type = JKS&#13;
	transaction.timeout.ms = 60000&#13;
	transactional.id = null&#13;
	value.serializer = class org.springframework.kafka.support.serializer.JsonSerializer&#13;
&#13;
2023-05-04 17:57:45.148  INFO 36892 --- [quest-handler-5] kafka.zk.AdminZkClient                   : Creating topic inventory.response with configuration {} and initial partition assignment HashMap(0 -&gt; ArrayBuffer(0))&#13;
2023-05-04 17:57:45.148  INFO 36892 --- [quest-handler-6] kafka.zk.AdminZkClient                   : Creating topic inventory.request with configuration {} and initial partition assignment HashMap(0 -&gt; ArrayBuffer(0))&#13;
2023-05-04 17:57:45.160  INFO 36892 --- [    Test worker] o.a.k.clients.producer.KafkaProducer     : [Producer clientId=producer-1] Instantiated an idempotent producer.&#13;
2023-05-04 17:57:45.178  WARN 36892 --- [ consumer-0-C-1] org.apache.kafka.clients.NetworkClient   : [Consumer clientId=consumer-inventory-operation-1, groupId=inventory-operation] Error while fetching metadata with correlation id 2 : {inventory.request=LEADER_NOT_AVAILABLE}&#13;
2023-05-04 17:57:45.178  WARN 36892 --- [ consumer-0-C-1] org.apache.kafka.clients.NetworkClient   : [Consumer clientId=consumer-inventory-operation-2, groupId=inventory-operation] Error while fetching metadata with correlation id 2 : {inventory.response=LEADER_NOT_AVAILABLE}&#13;
2023-05-04 17:57:45.179  INFO 36892 --- [ consumer-0-C-1] org.apache.kafka.clients.Metadata        : [Consumer clientId=consumer-inventory-operation-1, groupId=inventory-operation] Cluster ID: ZGCVWSpZTJKJV49iWYYAzw&#13;
2023-05-04 17:57:45.179  INFO 36892 --- [ consumer-0-C-1] org.apache.kafka.clients.Metadata        : [Consumer clientId=consumer-inventory-operation-2, groupId=inventory-operation] Cluster ID: ZGCVWSpZTJKJV49iWYYAzw&#13;
2023-05-04 17:57:45.183  INFO 36892 --- [quest-handler-2] kafka.zk.AdminZkClient                   : Creating topic __consumer_offsets with configuration {segment.bytes=104857600, cleanup.policy=compact, compression.type=producer} and initial partition assignment HashMap(0 -&gt; ArrayBuffer(0), 1 -&gt; ArrayBuffer(0), 2 -&gt; ArrayBuffer(0), 3 -&gt; ArrayBuffer(0), 4 -&gt; ArrayBuffer(0))&#13;
2023-05-04 17:57:45.186  INFO 36892 --- [er-event-thread] kafka.controller.KafkaController         : [Controller id=0] New topics: [Set(inventory.response, inventory.request)], deleted topics: [HashSet()], new partition replica assignment [Set(TopicIdReplicaAssignment(inventory.response,Some(kcPngZL3ReCqJ3-dqJW_Ug),Map(inventory.response-0 -&gt; ReplicaAssignment(replicas=0, addingReplicas=, removingReplicas=))), TopicIdReplicaAssignment(inventory.request,Some(y7DEsD97RlCpNLxeytNG2Q),Map(inventory.request-0 -&gt; ReplicaAssignment(replicas=0, addingReplicas=, removingReplicas=))))]&#13;
2023-05-04 17:57:45.188  INFO 36892 --- [er-event-thread] kafka.controller.KafkaController         : [Controller id=0] New partition creation callback for inventory.response-0,inventory.request-0&#13;
2023-05-04 17:57:45.192  INFO 36892 --- [er-event-thread] state.change.logger                      : [Controller id=0 epoch=1] Changed partition inventory.response-0 state from NonExistentPartition to NewPartition with assigned replicas 0&#13;
2023-05-04 17:57:45.192  INFO 36892 --- [er-event-thread] state.change.logger                      : [Controller id=0 epoch=1] Changed partition inventory.request-0 state from NonExistentPartition to NewPartition with assigned replicas 0&#13;
2023-05-04 17:57:45.192  INFO 36892 --- [er-event-thread] state.change.logger                      : [Controller id=0 epoch=1] Sending UpdateMetadata request to brokers HashSet() for 0 partitions&#13;
2023-05-04 17:57:45.195  INFO 36892 --- [    Test worker] o.a.kafka.common.utils.AppInfoParser     : Kafka version: 3.2.3&#13;
2023-05-04 17:57:45.195  INFO 36892 --- [    Test worker] o.a.kafka.common.utils.AppInfoParser     : Kafka commitId: 50029d3ed8ba576f&#13;
2023-05-04 17:57:45.195  INFO 36892 --- [    Test worker] o.a.kafka.common.utils.AppInfoParser     : Kafka startTimeMs: 1683194265195&#13;
2023-05-04 17:57:45.198  INFO 36892 --- [er-event-thread] state.change.logger                      : [Controller id=0 epoch=1] Sending UpdateMetadata request to brokers HashSet() for 0 partitions&#13;
2023-05-04 17:57:45.212  WARN 36892 --- [ad | producer-1] org.apache.kafka.clients.NetworkClient   : [Producer clientId=producer-1] Error while fetching metadata with correlation id 1 : {inventory.request=LEADER_NOT_AVAILABLE}&#13;
2023-05-04 17:57:45.212  INFO 36892 --- [ad | producer-1] org.apache.kafka.clients.Metadata        : [Producer clientId=producer-1] Cluster ID: ZGCVWSpZTJKJV49iWYYAzw&#13;
2023-05-04 17:57:45.227  INFO 36892 --- [er-event-thread] state.change.logger                      : [Controller id=0 epoch=1] Changed partition inventory.response-0 from NewPartition to OnlinePartition with state LeaderAndIsr(leader=0, leaderEpoch=0, isr=List(0), leaderRecoveryState=RECOVERED, zkVersion=0)&#13;
2023-05-04 17:57:45.227  INFO 36892 --- [er-event-thread] state.change.logger                      : [Controller id=0 epoch=1] Changed partition inventory.request-0 from NewPartition to OnlinePartition with state LeaderAndIsr(leader=0, leaderEpoch=0, isr=List(0), leaderRecoveryState=RECOVERED, zkVersion=0)&#13;
2023-05-04 17:57:45.228  INFO 36892 --- [er-event-thread] state.change.logger                      : [Controller id=0 epoch=1] Sending LeaderAndIsr request to broker 0 with 2 become-leader and 0 become-follower partitions&#13;
2023-05-04 17:57:45.230  INFO 36892 --- [er-event-thread] state.change.logger                      : [Controller id=0 epoch=1] Sending UpdateMetadata request to brokers HashSet(0) for 2 partitions&#13;
2023-05-04 17:57:45.231  INFO 36892 --- [er-event-thread] state.change.logger                      : [Controller id=0 epoch=1] Sending UpdateMetadata request to brokers HashSet() for 0 partitions&#13;
2023-05-04 17:57:45.235  INFO 36892 --- [er-event-thread] kafka.controller.KafkaController         : [Controller id=0] New topics: [Set(__consumer_offsets)], deleted topics: [HashSet()], new partition replica assignment [Set(TopicIdReplicaAssignment(__consumer_offsets,Some(sXz-m1aST-ygltF6fls6iA),HashMap(__consumer_offsets-4 -&gt; ReplicaAssignment(replicas=0, addingReplicas=, removingReplicas=), __consumer_offsets-3 -&gt; ReplicaAssignment(replicas=0, addingReplicas=, removingReplicas=), __consumer_offsets-2 -&gt; ReplicaAssignment(replicas=0, addingReplicas=, removingReplicas=), __consumer_offsets-0 -&gt; ReplicaAssignment(replicas=0, addingReplicas=, removingReplicas=), __consumer_offsets-1 -&gt; ReplicaAssignment(replicas=0, addingReplicas=, removingReplicas=))))]&#13;
2023-05-04 17:57:45.235  INFO 36892 --- [er-event-thread] kafka.controller.KafkaController         : [Controller id=0] New partition creation callback for __consumer_offsets-4,__consumer_offsets-3,__consumer_offsets-2,__consumer_offsets-0,__consumer_offsets-1&#13;
2023-05-04 17:57:45.235  INFO 36892 --- [er-event-thread] state.change.logger                      : [Controller id=0 epoch=1] Changed partition __consumer_offsets-4 state from NonExistentPartition to NewPartition with assigned replicas 0&#13;
2023-05-04 17:57:45.235  INFO 36892 --- [er-event-thread] state.change.logger                      : [Controller id=0 epoch=1] Changed partition __consumer_offsets-3 state from NonExistentPartition to NewPartition with assigned replicas 0&#13;
2023-05-04 17:57:45.235  INFO 36892 --- [er-event-thread] state.change.logger                      : [Controller id=0 epoch=1] Changed partition __consumer_offsets-2 state from NonExistentPartition to NewPartition with assigned replicas 0&#13;
2023-05-04 17:57:45.235  INFO 36892 --- [er-event-thread] state.change.logger                      : [Controller id=0 epoch=1] Changed partition __consumer_offsets-0 state from NonExistentPartition to NewPartition with assigned replicas 0&#13;
2023-05-04 17:57:45.235  INFO 36892 --- [er-event-thread] state.change.logger                      : [Controller id=0 epoch=1] Changed partition __consumer_offsets-1 state from NonExistentPartition to NewPartition with assigned replicas 0&#13;
2023-05-04 17:57:45.235  INFO 36892 --- [quest-handler-6] state.change.logger                      : [Broker id=0] Handling LeaderAndIsr request correlationId 1 from controller 0 for 2 partitions&#13;
2023-05-04 17:57:45.235  INFO 36892 --- [er-event-thread] state.change.logger                      : [Controller id=0 epoch=1] Sending UpdateMetadata request to brokers HashSet() for 0 partitions&#13;
2023-05-04 17:57:45.236  INFO 36892 --- [er-event-thread] state.change.logger                      : [Controller id=0 epoch=1] Sending UpdateMetadata request to brokers HashSet() for 0 partitions&#13;
2023-05-04 17:57:45.250  INFO 36892 --- [er-event-thread] state.change.logger                      : [Controller id=0 epoch=1] Changed partition __consumer_offsets-4 from NewPartition to OnlinePartition with state LeaderAndIsr(leader=0, leaderEpoch=0, isr=List(0), leaderRecoveryState=RECOVERED, zkVersion=0)&#13;
2023-05-04 17:57:45.250  INFO 36892 --- [er-event-thread] state.change.logger                      : [Controller id=0 epoch=1] Changed partition __consumer_offsets-3 from NewPartition to OnlinePartition with state LeaderAndIsr(leader=0, leaderEpoch=0, isr=List(0), leaderRecoveryState=RECOVERED, zkVersion=0)&#13;
2023-05-04 17:57:45.250  INFO 36892 --- [er-event-thread] state.change.logger                      : [Controller id=0 epoch=1] Changed partition __consumer_offsets-2 from NewPartition to OnlinePartition with state LeaderAndIsr(leader=0, leaderEpoch=0, isr=List(0), leaderRecoveryState=RECOVERED, zkVersion=0)&#13;
2023-05-04 17:57:45.250  INFO 36892 --- [er-event-thread] state.change.logger                      : [Controller id=0 epoch=1] Changed partition __consumer_offsets-0 from NewPartition to OnlinePartition with state LeaderAndIsr(leader=0, leaderEpoch=0, isr=List(0), leaderRecoveryState=RECOVERED, zkVersion=0)&#13;
2023-05-04 17:57:45.250  INFO 36892 --- [er-event-thread] state.change.logger                      : [Controller id=0 epoch=1] Changed partition __consumer_offsets-1 from NewPartition to OnlinePartition with state LeaderAndIsr(leader=0, leaderEpoch=0, isr=List(0), leaderRecoveryState=RECOVERED, zkVersion=0)&#13;
2023-05-04 17:57:45.250  INFO 36892 --- [er-event-thread] state.change.logger                      : [Controller id=0 epoch=1] Sending LeaderAndIsr request to broker 0 with 5 become-leader and 0 become-follower partitions&#13;
2023-05-04 17:57:45.250  INFO 36892 --- [er-event-thread] state.change.logger                      : [Controller id=0 epoch=1] Sending UpdateMetadata request to brokers HashSet(0) for 5 partitions&#13;
2023-05-04 17:57:45.251  INFO 36892 --- [er-event-thread] state.change.logger                      : [Controller id=0 epoch=1] Sending UpdateMetadata request to brokers HashSet() for 0 partitions&#13;
2023-05-04 17:57:45.260  INFO 36892 --- [er-event-thread] kafka.controller.KafkaController         : [Controller id=0] Acquired new producerId block ProducerIdsBlock(assignedBrokerId=0, firstProducerId=0, size=1000) by writing to Zk with path version 1&#13;
2023-05-04 17:57:45.264  INFO 36892 --- [ad | producer-1] o.a.k.c.p.internals.TransactionManager   : [Producer clientId=producer-1] ProducerId set to 0 with epoch 0&#13;
2023-05-04 17:57:45.284  INFO 36892 --- [quest-handler-6] kafka.server.ReplicaFetcherManager       : [ReplicaFetcherManager on broker 0] Removed fetcher for partitions Set(inventory.response-0, inventory.request-0)&#13;
2023-05-04 17:57:45.287  INFO 36892 --- [quest-handler-6] state.change.logger                      : [Broker id=0] Stopped fetchers as part of LeaderAndIsr request correlationId 1 from controller 0 epoch 1 as part of the become-leader transition for 2 partitions&#13;
2023-05-04 17:57:45.293  WARN 36892 --- [ consumer-0-C-1] org.apache.kafka.clients.NetworkClient   : [Consumer clientId=consumer-inventory-operation-1, groupId=inventory-operation] Error while fetching metadata with correlation id 4 : {inventory.request=LEADER_NOT_AVAILABLE}&#13;
2023-05-04 17:57:45.294  WARN 36892 --- [ consumer-0-C-1] org.apache.kafka.clients.NetworkClient   : [Consumer clientId=consumer-inventory-operation-2, groupId=inventory-operation] Error while fetching metadata with correlation id 4 : {inventory.response=LEADER_NOT_AVAILABLE}&#13;
2023-05-04 17:57:45.323  WARN 36892 --- [ad | producer-1] org.apache.kafka.clients.NetworkClient   : [Producer clientId=producer-1] Error while fetching metadata with correlation id 4 : {inventory.request=LEADER_NOT_AVAILABLE}&#13;
2023-05-04 17:57:45.379  INFO 36892 --- [quest-handler-6] kafka.log.UnifiedLog$                    : [LogLoader partition=inventory.response-0, dir=C:\Users\Tang\AppData\Local\Temp\spring.kafka.b3a507d0-c348-4e78-88c9-8129a9c836319122396905183770281] Loading producer state till offset 0 with message format version 2&#13;
2023-05-04 17:57:45.400  WARN 36892 --- [ consumer-0-C-1] org.apache.kafka.clients.NetworkClient   : [Consumer clientId=consumer-inventory-operation-1, groupId=inventory-operation] Error while fetching metadata with correlation id 6 : {inventory.request=LEADER_NOT_AVAILABLE}&#13;
2023-05-04 17:57:45.400  WARN 36892 --- [ consumer-0-C-1] org.apache.kafka.clients.NetworkClient   : [Consumer clientId=consumer-inventory-operation-2, groupId=inventory-operation] Error while fetching metadata with correlation id 6 : {inventory.response=LEADER_NOT_AVAILABLE}&#13;
2023-05-04 17:57:45.402  INFO 36892 --- [quest-handler-6] kafka.log.LogManager                     : Created log for partition inventory.response-0 in C:\Users\Tang\AppData\Local\Temp\spring.kafka.b3a507d0-c348-4e78-88c9-8129a9c836319122396905183770281\inventory.response-0 with properties {}&#13;
2023-05-04 17:57:45.405  INFO 36892 --- [quest-handler-6] kafka.cluster.Partition                  : [Partition inventory.response-0 broker=0] No checkpointed highwatermark is found for partition inventory.response-0&#13;
2023-05-04 17:57:45.406  INFO 36892 --- [quest-handler-6] kafka.cluster.Partition                  : [Partition inventory.response-0 broker=0] Log loaded for partition inventory.response-0 with initial high watermark 0&#13;
2023-05-04 17:57:45.407  INFO 36892 --- [quest-handler-6] state.change.logger                      : [Broker id=0] Leader inventory.response-0 starts at leader epoch 0 from offset 0 with high watermark 0 ISR [0] addingReplicas [] removingReplicas []. Previous leader epoch was -1.&#13;
2023-05-04 17:57:45.422  INFO 36892 --- [quest-handler-6] kafka.log.UnifiedLog$                    : [LogLoader partition=inventory.request-0, dir=C:\Users\Tang\AppData\Local\Temp\spring.kafka.b3a507d0-c348-4e78-88c9-8129a9c836319122396905183770281] Loading producer state till offset 0 with message format version 2&#13;
2023-05-04 17:57:45.423  INFO 36892 --- [quest-handler-6] kafka.log.LogManager                     : Created log for partition inventory.request-0 in C:\Users\Tang\AppData\Local\Temp\spring.kafka.b3a507d0-c348-4e78-88c9-8129a9c836319122396905183770281\inventory.request-0 with properties {}&#13;
2023-05-04 17:57:45.423  INFO 36892 --- [quest-handler-6] kafka.cluster.Partition                  : [Partition inventory.request-0 broker=0] No checkpointed highwatermark is found for partition inventory.request-0&#13;
2023-05-04 17:57:45.423  INFO 36892 --- [quest-handler-6] kafka.cluster.Partition                  : [Partition inventory.request-0 broker=0] Log loaded for partition inventory.request-0 with initial high watermark 0&#13;
2023-05-04 17:57:45.423  INFO 36892 --- [quest-handler-6] state.change.logger                      : [Broker id=0] Leader inventory.request-0 starts at leader epoch 0 from offset 0 with high watermark 0 ISR [0] addingReplicas [] removingReplicas []. Previous leader epoch was -1.&#13;
2023-05-04 17:57:45.432  WARN 36892 --- [ad | producer-1] org.apache.kafka.clients.NetworkClient   : [Producer clientId=producer-1] Error while fetching metadata with correlation id 5 : {inventory.request=LEADER_NOT_AVAILABLE}&#13;
2023-05-04 17:57:45.436  INFO 36892 --- [quest-handler-6] state.change.logger                      : [Broker id=0] Finished LeaderAndIsr request in 202ms correlationId 1 from controller 0 for 2 partitions&#13;
2023-05-04 17:57:45.445  INFO 36892 --- [quest-handler-0] state.change.logger                      : [Broker id=0] Add 2 partitions and deleted 0 partitions from metadata cache in response to UpdateMetadata request sent by controller 0 epoch 1 with correlation id 2&#13;
2023-05-04 17:57:45.448  INFO 36892 --- [quest-handler-2] state.change.logger                      : [Broker id=0] Handling LeaderAndIsr request correlationId 3 from controller 0 for 5 partitions&#13;
2023-05-04 17:57:45.452  INFO 36892 --- [quest-handler-2] kafka.server.ReplicaFetcherManager       : [ReplicaFetcherManager on broker 0] Removed fetcher for partitions HashSet(__consumer_offsets-4, __consumer_offsets-3, __consumer_offsets-2, __consumer_offsets-0, __consumer_offsets-1)&#13;
2023-05-04 17:57:45.452  INFO 36892 --- [quest-handler-2] state.change.logger                      : [Broker id=0] Stopped fetchers as part of LeaderAndIsr request correlationId 3 from controller 0 epoch 1 as part of the become-leader transition for 5 partitions&#13;
2023-05-04 17:57:45.466  INFO 36892 --- [quest-handler-2] kafka.log.UnifiedLog$                    : [LogLoader partition=__consumer_offsets-3, dir=C:\Users\Tang\AppData\Local\Temp\spring.kafka.b3a507d0-c348-4e78-88c9-8129a9c836319122396905183770281] Loading producer state till offset 0 with message format version 2&#13;
2023-05-04 17:57:45.467  INFO 36892 --- [quest-handler-2] kafka.log.LogManager                     : Created log for partition __consumer_offsets-3 in C:\Users\Tang\AppData\Local\Temp\spring.kafka.b3a507d0-c348-4e78-88c9-8129a9c836319122396905183770281\__consumer_offsets-3 with properties {cleanup.policy=compact, compression.type="producer", segment.bytes=104857600}&#13;
2023-05-04 17:57:45.467  INFO 36892 --- [quest-handler-2] kafka.cluster.Partition                  : [Partition __consumer_offsets-3 broker=0] No checkpointed highwatermark is found for partition __consumer_offsets-3&#13;
2023-05-04 17:57:45.468  INFO 36892 --- [quest-handler-2] kafka.cluster.Partition                  : [Partition __consumer_offsets-3 broker=0] Log loaded for partition __consumer_offsets-3 with initial high watermark 0&#13;
2023-05-04 17:57:45.468  INFO 36892 --- [quest-handler-2] state.change.logger                      : [Broker id=0] Leader __consumer_offsets-3 starts at leader epoch 0 from offset 0 with high watermark 0 ISR [0] addingReplicas [] removingReplicas []. Previous leader epoch was -1.&#13;
2023-05-04 17:57:45.479  INFO 36892 --- [quest-handler-2] kafka.log.UnifiedLog$                    : [LogLoader partition=__consumer_offsets-2, dir=C:\Users\Tang\AppData\Local\Temp\spring.kafka.b3a507d0-c348-4e78-88c9-8129a9c836319122396905183770281] Loading producer state till offset 0 with message format version 2&#13;
2023-05-04 17:57:45.481  INFO 36892 --- [quest-handler-2] kafka.log.LogManager                     : Created log for partition __consumer_offsets-2 in C:\Users\Tang\AppData\Local\Temp\spring.kafka.b3a507d0-c348-4e78-88c9-8129a9c836319122396905183770281\__consumer_offsets-2 with properties {cleanup.policy=compact, compression.type="producer", segment.bytes=104857600}&#13;
2023-05-04 17:57:45.481  INFO 36892 --- [quest-handler-2] kafka.cluster.Partition                  : [Partition __consumer_offsets-2 broker=0] No checkpointed highwatermark is found for partition __consumer_offsets-2&#13;
2023-05-04 17:57:45.481  INFO 36892 --- [quest-handler-2] kafka.cluster.Partition                  : [Partition __consumer_offsets-2 broker=0] Log loaded for partition __consumer_offsets-2 with initial high watermark 0&#13;
2023-05-04 17:57:45.481  INFO 36892 --- [quest-handler-2] state.change.logger                      : [Broker id=0] Leader __consumer_offsets-2 starts at leader epoch 0 from offset 0 with high watermark 0 ISR [0] addingReplicas [] removingReplicas []. Previous leader epoch was -1.&#13;
2023-05-04 17:57:45.495  INFO 36892 --- [quest-handler-2] kafka.log.UnifiedLog$                    : [LogLoader partition=__consumer_offsets-4, dir=C:\Users\Tang\AppData\Local\Temp\spring.kafka.b3a507d0-c348-4e78-88c9-8129a9c836319122396905183770281] Loading producer state till offset 0 with message format version 2&#13;
2023-05-04 17:57:45.497  INFO 36892 --- [quest-handler-2] kafka.log.LogManager                     : Created log for partition __consumer_offsets-4 in C:\Users\Tang\AppData\Local\Temp\spring.kafka.b3a507d0-c348-4e78-88c9-8129a9c836319122396905183770281\__consumer_offsets-4 with properties {cleanup.policy=compact, compression.type="producer", segment.bytes=104857600}&#13;
2023-05-04 17:57:45.497  INFO 36892 --- [quest-handler-2] kafka.cluster.Partition                  : [Partition __consumer_offsets-4 broker=0] No checkpointed highwatermark is found for partition __consumer_offsets-4&#13;
2023-05-04 17:57:45.497  INFO 36892 --- [quest-handler-2] kafka.cluster.Partition                  : [Partition __consumer_offsets-4 broker=0] Log loaded for partition __consumer_offsets-4 with initial high watermark 0&#13;
2023-05-04 17:57:45.497  INFO 36892 --- [quest-handler-2] state.change.logger                      : [Broker id=0] Leader __consumer_offsets-4 starts at leader epoch 0 from offset 0 with high watermark 0 ISR [0] addingReplicas [] removingReplicas []. Previous leader epoch was -1.&#13;
2023-05-04 17:57:45.511  INFO 36892 --- [quest-handler-2] kafka.log.UnifiedLog$                    : [LogLoader partition=__consumer_offsets-1, dir=C:\Users\Tang\AppData\Local\Temp\spring.kafka.b3a507d0-c348-4e78-88c9-8129a9c836319122396905183770281] Loading producer state till offset 0 with message format version 2&#13;
2023-05-04 17:57:45.513  INFO 36892 --- [quest-handler-2] kafka.log.LogManager                     : Created log for partition __consumer_offsets-1 in C:\Users\Tang\AppData\Local\Temp\spring.kafka.b3a507d0-c348-4e78-88c9-8129a9c836319122396905183770281\__consumer_offsets-1 with properties {cleanup.policy=compact, compression.type="producer", segment.bytes=104857600}&#13;
2023-05-04 17:57:45.513  INFO 36892 --- [quest-handler-2] kafka.cluster.Partition                  : [Partition __consumer_offsets-1 broker=0] No checkpointed highwatermark is found for partition __consumer_offsets-1&#13;
2023-05-04 17:57:45.513  INFO 36892 --- [quest-handler-2] kafka.cluster.Partition                  : [Partition __consumer_offsets-1 broker=0] Log loaded for partition __consumer_offsets-1 with initial high watermark 0&#13;
2023-05-04 17:57:45.513  INFO 36892 --- [quest-handler-2] state.change.logger                      : [Broker id=0] Leader __consumer_offsets-1 starts at leader epoch 0 from offset 0 with high watermark 0 ISR [0] addingReplicas [] removingReplicas []. Previous leader epoch was -1.&#13;
2023-05-04 17:57:45.514  INFO 36892 --- [ consumer-0-C-1] org.apache.kafka.clients.Metadata        : [Consumer clientId=consumer-inventory-operation-1, groupId=inventory-operation] Resetting the last seen epoch of partition inventory.request-0 to 0 since the associated topicId changed from null to y7DEsD97RlCpNLxeytNG2Q&#13;
2023-05-04 17:57:45.514  INFO 36892 --- [ consumer-0-C-1] org.apache.kafka.clients.Metadata        : [Consumer clientId=consumer-inventory-operation-2, groupId=inventory-operation] Resetting the last seen epoch of partition inventory.response-0 to 0 since the associated topicId changed from null to kcPngZL3ReCqJ3-dqJW_Ug&#13;
2023-05-04 17:57:45.526  INFO 36892 --- [quest-handler-2] kafka.log.UnifiedLog$                    : [LogLoader partition=__consumer_offsets-0, dir=C:\Users\Tang\AppData\Local\Temp\spring.kafka.b3a507d0-c348-4e78-88c9-8129a9c836319122396905183770281] Loading producer state till offset 0 with message format version 2&#13;
2023-05-04 17:57:45.528  INFO 36892 --- [quest-handler-2] kafka.log.LogManager                     : Created log for partition __consumer_offsets-0 in C:\Users\Tang\AppData\Local\Temp\spring.kafka.b3a507d0-c348-4e78-88c9-8129a9c836319122396905183770281\__consumer_offsets-0 with properties {cleanup.policy=compact, compression.type="producer", segment.bytes=104857600}&#13;
2023-05-04 17:57:45.528  INFO 36892 --- [quest-handler-2] kafka.cluster.Partition                  : [Partition __consumer_offsets-0 broker=0] No checkpointed highwatermark is found for partition __consumer_offsets-0&#13;
2023-05-04 17:57:45.528  INFO 36892 --- [quest-handler-2] kafka.cluster.Partition                  : [Partition __consumer_offsets-0 broker=0] Log loaded for partition __consumer_offsets-0 with initial high watermark 0&#13;
2023-05-04 17:57:45.528  INFO 36892 --- [quest-handler-2] state.change.logger                      : [Broker id=0] Leader __consumer_offsets-0 starts at leader epoch 0 from offset 0 with high watermark 0 ISR [0] addingReplicas [] removingReplicas []. Previous leader epoch was -1.&#13;
2023-05-04 17:57:45.534  INFO 36892 --- [quest-handler-2] k.coordinator.group.GroupCoordinator     : [GroupCoordinator 0]: Elected as the group coordinator for partition 3 in epoch 0&#13;
2023-05-04 17:57:45.536  INFO 36892 --- [quest-handler-2] k.c.group.GroupMetadataManager           : [GroupMetadataManager brokerId=0] Scheduling loading of offsets and group metadata from __consumer_offsets-3 for epoch 0&#13;
2023-05-04 17:57:45.538  INFO 36892 --- [quest-handler-2] k.coordinator.group.GroupCoordinator     : [GroupCoordinator 0]: Elected as the group coordinator for partition 2 in epoch 0&#13;
2023-05-04 17:57:45.538  INFO 36892 --- [quest-handler-2] k.c.group.GroupMetadataManager           : [GroupMetadataManager brokerId=0] Scheduling loading of offsets and group metadata from __consumer_offsets-2 for epoch 0&#13;
2023-05-04 17:57:45.538  INFO 36892 --- [quest-handler-2] k.coordinator.group.GroupCoordinator     : [GroupCoordinator 0]: Elected as the group coordinator for partition 4 in epoch 0&#13;
2023-05-04 17:57:45.538  INFO 36892 --- [quest-handler-2] k.c.group.GroupMetadataManager           : [GroupMetadataManager brokerId=0] Scheduling loading of offsets and group metadata from __consumer_offsets-4 for epoch 0&#13;
2023-05-04 17:57:45.538  INFO 36892 --- [quest-handler-2] k.coordinator.group.GroupCoordinator     : [GroupCoordinator 0]: Elected as the group coordinator for partition 1 in epoch 0&#13;
2023-05-04 17:57:45.538  INFO 36892 --- [quest-handler-2] k.c.group.GroupMetadataManager           : [GroupMetadataManager brokerId=0] Scheduling loading of offsets and group metadata from __consumer_offsets-1 for epoch 0&#13;
2023-05-04 17:57:45.538  INFO 36892 --- [quest-handler-2] k.coordinator.group.GroupCoordinator     : [GroupCoordinator 0]: Elected as the group coordinator for partition 0 in epoch 0&#13;
2023-05-04 17:57:45.538  INFO 36892 --- [quest-handler-2] k.c.group.GroupMetadataManager           : [GroupMetadataManager brokerId=0] Scheduling loading of offsets and group metadata from __consumer_offsets-0 for epoch 0&#13;
2023-05-04 17:57:45.539  INFO 36892 --- [quest-handler-2] state.change.logger                      : [Broker id=0] Finished LeaderAndIsr request in 91ms correlationId 3 from controller 0 for 5 partitions&#13;
2023-05-04 17:57:45.540  INFO 36892 --- [ad | producer-1] org.apache.kafka.clients.Metadata        : [Producer clientId=producer-1] Resetting the last seen epoch of partition inventory.request-0 to 0 since the associated topicId changed from null to y7DEsD97RlCpNLxeytNG2Q&#13;
2023-05-04 17:57:45.542  INFO 36892 --- [quest-handler-6] state.change.logger                      : [Broker id=0] Add 5 partitions and deleted 0 partitions from metadata cache in response to UpdateMetadata request sent by controller 0 epoch 1 with correlation id 4&#13;
2023-05-04 17:57:45.547  INFO 36892 --- [adata-manager-0] k.c.group.GroupMetadataManager           : [GroupMetadataManager brokerId=0] Finished loading offsets and group metadata from __consumer_offsets-3 in 9 milliseconds for epoch 0, of which 4 milliseconds was spent in the scheduler.&#13;
2023-05-04 17:57:45.547  INFO 36892 --- [adata-manager-0] k.c.group.GroupMetadataManager           : [GroupMetadataManager brokerId=0] Finished loading offsets and group metadata from __consumer_offsets-2 in 9 milliseconds for epoch 0, of which 9 milliseconds was spent in the scheduler.&#13;
2023-05-04 17:57:45.547  INFO 36892 --- [adata-manager-0] k.c.group.GroupMetadataManager           : [GroupMetadataManager brokerId=0] Finished loading offsets and group metadata from __consumer_offsets-4 in 9 milliseconds for epoch 0, of which 9 milliseconds was spent in the scheduler.&#13;
2023-05-04 17:57:45.548  INFO 36892 --- [adata-manager-0] k.c.group.GroupMetadataManager           : [GroupMetadataManager brokerId=0] Finished loading offsets and group metadata from __consumer_offsets-1 in 10 milliseconds for epoch 0, of which 9 milliseconds was spent in the scheduler.&#13;
2023-05-04 17:57:45.548  INFO 36892 --- [adata-manager-0] k.c.group.GroupMetadataManager           : [GroupMetadataManager brokerId=0] Finished loading offsets and group metadata from __consumer_offsets-0 in 10 milliseconds for epoch 0, of which 10 milliseconds was spent in the scheduler.&#13;
2023-05-04 17:57:45.622  INFO 36892 --- [ consumer-0-C-1] o.a.k.c.c.internals.ConsumerCoordinator  : [Consumer clientId=consumer-inventory-operation-2, groupId=inventory-operation] Discovered group coordinator localhost:9092 (id: 2147483647 rack: null)&#13;
2023-05-04 17:57:45.622  INFO 36892 --- [ consumer-0-C-1] o.a.k.c.c.internals.ConsumerCoordinator  : [Consumer clientId=consumer-inventory-operation-1, groupId=inventory-operation] Discovered group coordinator localhost:9092 (id: 2147483647 rack: null)&#13;
2023-05-04 17:57:45.628  INFO 36892 --- [ consumer-0-C-1] o.a.k.c.c.internals.ConsumerCoordinator  : [Consumer clientId=consumer-inventory-operation-2, groupId=inventory-operation] (Re-)joining group&#13;
2023-05-04 17:57:45.628  INFO 36892 --- [ consumer-0-C-1] o.a.k.c.c.internals.ConsumerCoordinator  : [Consumer clientId=consumer-inventory-operation-1, groupId=inventory-operation] (Re-)joining group&#13;
2023-05-04 17:57:45.683  INFO 36892 --- [quest-handler-6] k.coordinator.group.GroupCoordinator     : [GroupCoordinator 0]: Dynamic member with unknown member id joins group inventory-operation in Empty state. Created a new member id consumer-inventory-operation-1-a9460ad3-232d-43f3-8fcb-280bb2ce4420 and request the member to rejoin with this id.&#13;
2023-05-04 17:57:45.693  INFO 36892 --- [quest-handler-1] k.coordinator.group.GroupCoordinator     : [GroupCoordinator 0]: Dynamic member with unknown member id joins group inventory-operation in Empty state. Created a new member id consumer-inventory-operation-2-c11edbea-1e89-469c-874f-69a0fdee16f3 and request the member to rejoin with this id.&#13;
2023-05-04 17:57:45.694  INFO 36892 --- [ consumer-0-C-1] o.a.k.c.c.internals.ConsumerCoordinator  : [Consumer clientId=consumer-inventory-operation-1, groupId=inventory-operation] Request joining group due to: need to re-join with the given member-id: consumer-inventory-operation-1-a9460ad3-232d-43f3-8fcb-280bb2ce4420&#13;
2023-05-04 17:57:45.695  INFO 36892 --- [ consumer-0-C-1] o.a.k.c.c.internals.ConsumerCoordinator  : [Consumer clientId=consumer-inventory-operation-1, groupId=inventory-operation] Request joining group due to: rebalance failed due to 'The group member needs to have a valid member id before actually entering a consumer group.' (MemberIdRequiredException)&#13;
2023-05-04 17:57:45.695  INFO 36892 --- [ consumer-0-C-1] o.a.k.c.c.internals.ConsumerCoordinator  : [Consumer clientId=consumer-inventory-operation-1, groupId=inventory-operation] (Re-)joining group&#13;
2023-05-04 17:57:45.695  INFO 36892 --- [ consumer-0-C-1] o.a.k.c.c.internals.ConsumerCoordinator  : [Consumer clientId=consumer-inventory-operation-2, groupId=inventory-operation] Request joining group due to: need to re-join with the given member-id: consumer-inventory-operation-2-c11edbea-1e89-469c-874f-69a0fdee16f3&#13;
2023-05-04 17:57:45.695  INFO 36892 --- [ consumer-0-C-1] o.a.k.c.c.internals.ConsumerCoordinator  : [Consumer clientId=consumer-inventory-operation-2, groupId=inventory-operation] Request joining group due to: rebalance failed due to 'The group member needs to have a valid member id before actually entering a consumer group.' (MemberIdRequiredException)&#13;
2023-05-04 17:57:45.696  INFO 36892 --- [ consumer-0-C-1] o.a.k.c.c.internals.ConsumerCoordinator  : [Consumer clientId=consumer-inventory-operation-2, groupId=inventory-operation] (Re-)joining group&#13;
2023-05-04 17:57:45.708  INFO 36892 --- [quest-handler-3] k.coordinator.group.GroupCoordinator     : [GroupCoordinator 0]: Preparing to rebalance group inventory-operation in state PreparingRebalance with old generation 0 (__consumer_offsets-3) (reason: Adding new member consumer-inventory-operation-2-c11edbea-1e89-469c-874f-69a0fdee16f3 with group instance id None; client reason: rebalance failed due to MemberIdRequiredException)&#13;
2023-05-04 17:57:45.722  INFO 36892 --- [cutor-Rebalance] k.coordinator.group.GroupCoordinator     : [GroupCoordinator 0]: Stabilized group inventory-operation generation 1 (__consumer_offsets-3) with 2 members&#13;
2023-05-04 17:57:45.726  INFO 36892 --- [ consumer-0-C-1] o.a.k.c.c.internals.ConsumerCoordinator  : [Consumer clientId=consumer-inventory-operation-1, groupId=inventory-operation] Successfully joined group with generation Generation{generationId=1, memberId='consumer-inventory-operation-1-a9460ad3-232d-43f3-8fcb-280bb2ce4420', protocol='range'}&#13;
2023-05-04 17:57:45.733  INFO 36892 --- [ consumer-0-C-1] o.a.k.c.c.internals.ConsumerCoordinator  : [Consumer clientId=consumer-inventory-operation-2, groupId=inventory-operation] Successfully joined group with generation Generation{generationId=1, memberId='consumer-inventory-operation-2-c11edbea-1e89-469c-874f-69a0fdee16f3', protocol='range'}&#13;
2023-05-04 17:57:45.737  INFO 36892 --- [ consumer-0-C-1] org.apache.kafka.clients.Metadata        : [Consumer clientId=consumer-inventory-operation-2, groupId=inventory-operation] Resetting the last seen epoch of partition inventory.request-0 to 0 since the associated topicId changed from null to y7DEsD97RlCpNLxeytNG2Q&#13;
2023-05-04 17:57:45.737  INFO 36892 --- [    Test worker] c.p.demoapp.service.OrderMQService       : Order service sent a message to Kafka topic: inventory.request 
 Message content: InventoryOperationRequestMessageDTO(operation=DECREASE, orderNumber=23-456-002, inventoryInfos=[InventoryInfoDTO(itemId=1, quantity=1)], info=null)&#13;
2023-05-04 17:57:45.742  INFO 36892 --- [ consumer-0-C-1] o.a.k.c.c.internals.ConsumerCoordinator  : [Consumer clientId=consumer-inventory-operation-2, groupId=inventory-operation] Finished assignment for group at generation 1: {consumer-inventory-operation-1-a9460ad3-232d-43f3-8fcb-280bb2ce4420=Assignment(partitions=[inventory.request-0]), consumer-inventory-operation-2-c11edbea-1e89-469c-874f-69a0fdee16f3=Assignment(partitions=[inventory.response-0])}&#13;
2023-05-04 17:57:45.755  INFO 36892 --- [quest-handler-2] k.coordinator.group.GroupCoordinator     : [GroupCoordinator 0]: Assignment received from leader consumer-inventory-operation-2-c11edbea-1e89-469c-874f-69a0fdee16f3 for group inventory-operation for generation 1. The group has 2 members, 0 of which are static.&#13;
2023-05-04 17:57:45.778  INFO 36892 --- [ consumer-0-C-1] o.a.k.c.c.internals.ConsumerCoordinator  : [Consumer clientId=consumer-inventory-operation-1, groupId=inventory-operation] Successfully synced group in generation Generation{generationId=1, memberId='consumer-inventory-operation-1-a9460ad3-232d-43f3-8fcb-280bb2ce4420', protocol='range'}&#13;
2023-05-04 17:57:45.779  INFO 36892 --- [ consumer-0-C-1] o.a.k.c.c.internals.ConsumerCoordinator  : [Consumer clientId=consumer-inventory-operation-2, groupId=inventory-operation] Successfully synced group in generation Generation{generationId=1, memberId='consumer-inventory-operation-2-c11edbea-1e89-469c-874f-69a0fdee16f3', protocol='range'}&#13;
2023-05-04 17:57:45.779  INFO 36892 --- [ consumer-0-C-1] o.a.k.c.c.internals.ConsumerCoordinator  : [Consumer clientId=consumer-inventory-operation-1, groupId=inventory-operation] Notifying assignor about the new Assignment(partitions=[inventory.request-0])&#13;
2023-05-04 17:57:45.779  INFO 36892 --- [ consumer-0-C-1] o.a.k.c.c.internals.ConsumerCoordinator  : [Consumer clientId=consumer-inventory-operation-2, groupId=inventory-operation] Notifying assignor about the new Assignment(partitions=[inventory.response-0])&#13;
2023-05-04 17:57:45.783  INFO 36892 --- [ consumer-0-C-1] o.a.k.c.c.internals.ConsumerCoordinator  : [Consumer clientId=consumer-inventory-operation-2, groupId=inventory-operation] Adding newly assigned partitions: inventory.response-0&#13;
2023-05-04 17:57:45.783  INFO 36892 --- [ consumer-0-C-1] o.a.k.c.c.internals.ConsumerCoordinator  : [Consumer clientId=consumer-inventory-operation-1, groupId=inventory-operation] Adding newly assigned partitions: inventory.request-0&#13;
2023-05-04 17:57:45.788  INFO 36892 --- [ consumer-0-C-1] o.s.k.l.KafkaMessageListenerContainer    : inventory-operation: partitions assigned: [inventory.response-0]&#13;
2023-05-04 17:57:45.788  INFO 36892 --- [ consumer-0-C-1] o.s.k.l.KafkaMessageListenerContainer    : inventory-operation: partitions assigned: [inventory.request-0]&#13;
2023-05-04 17:57:45.811  INFO 36892 --- [ consumer-0-C-1] o.a.k.c.c.internals.ConsumerCoordinator  : [Consumer clientId=consumer-inventory-operation-1, groupId=inventory-operation] Found no committed offset for partition inventory.request-0&#13;
2023-05-04 17:57:45.811  INFO 36892 --- [ consumer-0-C-1] o.a.k.c.c.internals.ConsumerCoordinator  : [Consumer clientId=consumer-inventory-operation-2, groupId=inventory-operation] Found no committed offset for partition inventory.response-0&#13;
2023-05-04 17:57:45.838  INFO 36892 --- [ consumer-0-C-1] o.a.k.c.c.internals.SubscriptionState    : [Consumer clientId=consumer-inventory-operation-1, groupId=inventory-operation] Resetting offset for partition inventory.request-0 to position FetchPosition{offset=0, offsetEpoch=Optional.empty, currentLeader=LeaderAndEpoch{leader=Optional[localhost:9092 (id: 0 rack: null)], epoch=0}}.&#13;
2023-05-04 17:57:45.838  INFO 36892 --- [ consumer-0-C-1] o.a.k.c.c.internals.SubscriptionState    : [Consumer clientId=consumer-inventory-operation-2, groupId=inventory-operation] Resetting offset for partition inventory.response-0 to position FetchPosition{offset=0, offsetEpoch=Optional.empty, currentLeader=LeaderAndEpoch{leader=Optional[localhost:9092 (id: 0 rack: null)], epoch=0}}.&#13;
2023-05-04 17:57:45.944  INFO 36892 --- [ consumer-0-C-1] d.c.k.KafkaInventoryRequestTopicListener : Inventory service receives a message from Kafka topic: inventory.request 
 Message content: InventoryOperationRequestMessageDTO(operation=DECREASE, orderNumber=23-456-002, inventoryInfos=[InventoryInfoDTO(itemId=1, quantity=1)], info=null)&#13;
2023-05-04 17:57:45.944  INFO 36892 --- [ consumer-0-C-1] o.a.k.clients.producer.ProducerConfig    : ProducerConfig values: &#13;
	acks = -1&#13;
	batch.size = 16384&#13;
	bootstrap.servers = [localhost:9092]&#13;
	buffer.memory = 33554432&#13;
	client.dns.lookup = use_all_dns_ips&#13;
	client.id = producer-2&#13;
	compression.type = none&#13;
	connections.max.idle.ms = 540000&#13;
	delivery.timeout.ms = 120000&#13;
	enable.idempotence = true&#13;
	interceptor.classes = []&#13;
	key.serializer = class org.apache.kafka.common.serialization.StringSerializer&#13;
	linger.ms = 0&#13;
	max.block.ms = 2000&#13;
	max.in.flight.requests.per.connection = 5&#13;
	max.request.size = 1048576&#13;
	metadata.max.age.ms = 300000&#13;
	metadata.max.idle.ms = 300000&#13;
	metric.reporters = []&#13;
	metrics.num.samples = 2&#13;
	metrics.recording.level = INFO&#13;
	metrics.sample.window.ms = 30000&#13;
	partitioner.class = class org.apache.kafka.clients.producer.internals.DefaultPartitioner&#13;
	receive.buffer.bytes = 32768&#13;
	reconnect.backoff.max.ms = 1000&#13;
	reconnect.backoff.ms = 50&#13;
	request.timeout.ms = 30000&#13;
	retries = 2147483647&#13;
	retry.backoff.ms = 100&#13;
	sasl.client.callback.handler.class = null&#13;
	sasl.jaas.config = null&#13;
	sasl.kerberos.kinit.cmd = /usr/bin/kinit&#13;
	sasl.kerberos.min.time.before.relogin = 60000&#13;
	sasl.kerberos.service.name = null&#13;
	sasl.kerberos.ticket.renew.jitter = 0.05&#13;
	sasl.kerberos.ticket.renew.window.factor = 0.8&#13;
	sasl.login.callback.handler.class = null&#13;
	sasl.login.class = null&#13;
	sasl.login.connect.timeout.ms = null&#13;
	sasl.login.read.timeout.ms = null&#13;
	sasl.login.refresh.buffer.seconds = 300&#13;
	sasl.login.refresh.min.period.seconds = 60&#13;
	sasl.login.refresh.window.factor = 0.8&#13;
	sasl.login.refresh.window.jitter = 0.05&#13;
	sasl.login.retry.backoff.max.ms = 10000&#13;
	sasl.login.retry.backoff.ms = 100&#13;
	sasl.mechanism = GSSAPI&#13;
	sasl.oauthbearer.clock.skew.seconds = 30&#13;
	sasl.oauthbearer.expected.audience = null&#13;
	sasl.oauthbearer.expected.issuer = null&#13;
	sasl.oauthbearer.jwks.endpoint.refresh.ms = 3600000&#13;
	sasl.oauthbearer.jwks.endpoint.retry.backoff.max.ms = 10000&#13;
	sasl.oauthbearer.jwks.endpoint.retry.backoff.ms = 100&#13;
	sasl.oauthbearer.jwks.endpoint.url = null&#13;
	sasl.oauthbearer.scope.claim.name = scope&#13;
	sasl.oauthbearer.sub.claim.name = sub&#13;
	sasl.oauthbearer.token.endpoint.url = null&#13;
	security.protocol = PLAINTEXT&#13;
	security.providers = null&#13;
	send.buffer.bytes = 131072&#13;
	socket.connection.setup.timeout.max.ms = 30000&#13;
	socket.connection.setup.timeout.ms = 10000&#13;
	ssl.cipher.suites = null&#13;
	ssl.enabled.protocols = [TLSv1.2]&#13;
	ssl.endpoint.identification.algorithm = https&#13;
	ssl.engine.factory.class = null&#13;
	ssl.key.password = null&#13;
	ssl.keymanager.algorithm = SunX509&#13;
	ssl.keystore.certificate.chain = null&#13;
	ssl.keystore.key = null&#13;
	ssl.keystore.location = null&#13;
	ssl.keystore.password = null&#13;
	ssl.keystore.type = JKS&#13;
	ssl.protocol = TLSv1.2&#13;
	ssl.provider = null&#13;
	ssl.secure.random.implementation = null&#13;
	ssl.trustmanager.algorithm = PKIX&#13;
	ssl.truststore.certificates = null&#13;
	ssl.truststore.location = null&#13;
	ssl.truststore.password = null&#13;
	ssl.truststore.type = JKS&#13;
	transaction.timeout.ms = 60000&#13;
	transactional.id = null&#13;
	value.serializer = class org.springframework.kafka.support.serializer.JsonSerializer&#13;
&#13;
2023-05-04 17:57:45.946  INFO 36892 --- [ consumer-0-C-1] o.a.k.clients.producer.KafkaProducer     : [Producer clientId=producer-2] Instantiated an idempotent producer.&#13;
2023-05-04 17:57:45.952  INFO 36892 --- [ consumer-0-C-1] o.a.kafka.common.utils.AppInfoParser     : Kafka version: 3.2.3&#13;
2023-05-04 17:57:45.952  INFO 36892 --- [ consumer-0-C-1] o.a.kafka.common.utils.AppInfoParser     : Kafka commitId: 50029d3ed8ba576f&#13;
2023-05-04 17:57:45.953  INFO 36892 --- [ consumer-0-C-1] o.a.kafka.common.utils.AppInfoParser     : Kafka startTimeMs: 1683194265952&#13;
2023-05-04 17:57:45.960  INFO 36892 --- [ad | producer-2] org.apache.kafka.clients.Metadata        : [Producer clientId=producer-2] Resetting the last seen epoch of partition inventory.response-0 to 0 since the associated topicId changed from null to kcPngZL3ReCqJ3-dqJW_Ug&#13;
2023-05-04 17:57:45.961  INFO 36892 --- [ad | producer-2] org.apache.kafka.clients.Metadata        : [Producer clientId=producer-2] Cluster ID: ZGCVWSpZTJKJV49iWYYAzw&#13;
2023-05-04 17:57:45.962  INFO 36892 --- [ad | producer-2] o.a.k.c.p.internals.TransactionManager   : [Producer clientId=producer-2] ProducerId set to 1 with epoch 0&#13;
2023-05-04 17:57:45.965  INFO 36892 --- [ consumer-0-C-1] c.p.d.service.ItemInventoryMQService     : Inventory service sent a message to Kafka topic: inventory.response 
 Message content: InventoryOperationResultMessageDTO(operation=DECREASE, orderNumber=23-456-002, status=SUCCESS, info=null)&#13;
2023-05-04 17:57:45.997  INFO 36892 --- [ consumer-0-C-1] .c.k.KafkaInventoryResponseTopicListener : Order service receives a message from Kafka topic: inventory.response 
 Message content: InventoryOperationResultMessageDTO(operation=DECREASE, orderNumber=23-456-002, status=SUCCESS, info=null)&#13;
2023-05-04 17:57:45.997  INFO 36892 --- [ consumer-0-C-1] .c.k.KafkaInventoryResponseTopicListener : Order service has no response message to reply.&#13;
2023-05-04 17:57:46.763  INFO 36892 --- [    Test worker] c.p.demoapp.service.OrderMQService       : Order service sent a message to Kafka topic: inventory.request 
 Message content: InventoryOperationRequestMessageDTO(operation=INCREASE, orderNumber=23-456-002, inventoryInfos=[InventoryInfoDTO(itemId=1, quantity=1)], info=null)&#13;
2023-05-04 17:57:46.768  INFO 36892 --- [ consumer-0-C-1] d.c.k.KafkaInventoryRequestTopicListener : Inventory service receives a message from Kafka topic: inventory.request 
 Message content: InventoryOperationRequestMessageDTO(operation=INCREASE, orderNumber=23-456-002, inventoryInfos=[InventoryInfoDTO(itemId=1, quantity=1)], info=null)&#13;
2023-05-04 17:57:46.768  INFO 36892 --- [ consumer-0-C-1] c.p.d.service.ItemInventoryMQService     : Inventory service sent a message to Kafka topic: inventory.response 
 Message content: InventoryOperationResultMessageDTO(operation=INCREASE, orderNumber=23-456-002, status=SUCCESS, info=null)&#13;
2023-05-04 17:57:46.774  INFO 36892 --- [ consumer-0-C-1] .c.k.KafkaInventoryResponseTopicListener : Order service receives a message from Kafka topic: inventory.response 
 Message content: InventoryOperationResultMessageDTO(operation=INCREASE, orderNumber=23-456-002, status=SUCCESS, info=null)&#13;
2023-05-04 17:57:46.774  INFO 36892 --- [ consumer-0-C-1] .c.k.KafkaInventoryResponseTopicListener : Order service has no response message to reply.&#13;
2023-05-04 17:57:47.794  INFO 36892 --- [    Test worker] c.p.d.c.endpoint.CustomRouteLocator      : Endpoints routes:
/proxy/v1/cartItems/** ---&gt; http://localhost:8081/v1/cartItems
/proxy/v1/assets/categories/** ---&gt; http://localhost:8081/v1/assets/categories
/proxy/v1/assets/items/** ---&gt; http://localhost:8081/v1/assets/items
/proxy/v1/locations/** ---&gt; http://localhost:8081/v1/locations
/proxy/v1/orders/** ---&gt; http://localhost:8081/v1/orders
/proxy/graphql/** ---&gt; http://localhost:8081/graphql&#13;
2023-05-04 17:57:47.799  INFO 36892 --- [ consumer-0-C-1] o.a.k.c.c.internals.ConsumerCoordinator  : [Consumer clientId=consumer-inventory-operation-1, groupId=inventory-operation] Revoke previously assigned partitions inventory.request-0&#13;
2023-05-04 17:57:47.800  INFO 36892 --- [ consumer-0-C-1] o.s.k.l.KafkaMessageListenerContainer    : inventory-operation: partitions revoked: [inventory.request-0]&#13;
2023-05-04 17:57:47.800  INFO 36892 --- [ consumer-0-C-1] o.a.k.c.c.internals.ConsumerCoordinator  : [Consumer clientId=consumer-inventory-operation-1, groupId=inventory-operation] Member consumer-inventory-operation-1-a9460ad3-232d-43f3-8fcb-280bb2ce4420 sending LeaveGroup request to coordinator localhost:9092 (id: 2147483647 rack: null) due to the consumer unsubscribed from all topics&#13;
2023-05-04 17:57:47.801  INFO 36892 --- [ consumer-0-C-1] o.a.k.c.c.internals.ConsumerCoordinator  : [Consumer clientId=consumer-inventory-operation-1, groupId=inventory-operation] Resetting generation and member id due to: consumer pro-actively leaving the group&#13;
2023-05-04 17:57:47.801  INFO 36892 --- [ consumer-0-C-1] o.a.k.c.c.internals.ConsumerCoordinator  : [Consumer clientId=consumer-inventory-operation-1, groupId=inventory-operation] Request joining group due to: consumer pro-actively leaving the group&#13;
2023-05-04 17:57:47.801  INFO 36892 --- [ consumer-0-C-1] o.a.k.clients.consumer.KafkaConsumer     : [Consumer clientId=consumer-inventory-operation-1, groupId=inventory-operation] Unsubscribed all topics or patterns and assigned partitions&#13;
2023-05-04 17:57:47.801  INFO 36892 --- [ consumer-0-C-1] o.s.s.c.ThreadPoolTaskScheduler          : Shutting down ExecutorService&#13;
2023-05-04 17:57:47.802  INFO 36892 --- [ consumer-0-C-1] o.a.k.c.c.internals.ConsumerCoordinator  : [Consumer clientId=consumer-inventory-operation-1, groupId=inventory-operation] Resetting generation and member id due to: consumer pro-actively leaving the group&#13;
2023-05-04 17:57:47.802  INFO 36892 --- [ consumer-0-C-1] o.a.k.c.c.internals.ConsumerCoordinator  : [Consumer clientId=consumer-inventory-operation-1, groupId=inventory-operation] Request joining group due to: consumer pro-actively leaving the group&#13;
2023-05-04 17:57:47.806  INFO 36892 --- [quest-handler-2] k.coordinator.group.GroupCoordinator     : [GroupCoordinator 0]: Preparing to rebalance group inventory-operation in state PreparingRebalance with old generation 1 (__consumer_offsets-3) (reason: Removing member consumer-inventory-operation-1-a9460ad3-232d-43f3-8fcb-280bb2ce4420 on LeaveGroup; client reason: the consumer unsubscribed from all topics)&#13;
2023-05-04 17:57:47.809  INFO 36892 --- [quest-handler-2] k.coordinator.group.GroupCoordinator     : [GroupCoordinator 0]: Member MemberMetadata(memberId=consumer-inventory-operation-1-a9460ad3-232d-43f3-8fcb-280bb2ce4420, groupInstanceId=None, clientId=consumer-inventory-operation-1, clientHost=/127.0.0.1, sessionTimeoutMs=45000, rebalanceTimeoutMs=300000, supportedProtocols=List(range, cooperative-sticky)) has left group inventory-operation through explicit `LeaveGroup`; client reason: the consumer unsubscribed from all topics&#13;
2023-05-04 17:57:47.812  INFO 36892 --- [ consumer-0-C-1] org.apache.kafka.common.metrics.Metrics  : Metrics scheduler closed&#13;
2023-05-04 17:57:47.812  INFO 36892 --- [ consumer-0-C-1] org.apache.kafka.common.metrics.Metrics  : Closing reporter org.apache.kafka.common.metrics.JmxReporter&#13;
2023-05-04 17:57:47.812  INFO 36892 --- [ consumer-0-C-1] org.apache.kafka.common.metrics.Metrics  : Metrics reporters closed&#13;
2023-05-04 17:57:47.815  INFO 36892 --- [ consumer-0-C-1] o.a.kafka.common.utils.AppInfoParser     : App info kafka.consumer for consumer-inventory-operation-1 unregistered&#13;
2023-05-04 17:57:47.815  INFO 36892 --- [ consumer-0-C-1] o.s.k.l.KafkaMessageListenerContainer    : inventory-operation: Consumer stopped&#13;
2023-05-04 17:57:47.817  INFO 36892 --- [ consumer-0-C-1] o.a.k.c.c.internals.ConsumerCoordinator  : [Consumer clientId=consumer-inventory-operation-2, groupId=inventory-operation] Revoke previously assigned partitions inventory.response-0&#13;
2023-05-04 17:57:47.817  INFO 36892 --- [ consumer-0-C-1] o.s.k.l.KafkaMessageListenerContainer    : inventory-operation: partitions revoked: [inventory.response-0]&#13;
2023-05-04 17:57:47.817  INFO 36892 --- [ consumer-0-C-1] o.a.k.c.c.internals.ConsumerCoordinator  : [Consumer clientId=consumer-inventory-operation-2, groupId=inventory-operation] Member consumer-inventory-operation-2-c11edbea-1e89-469c-874f-69a0fdee16f3 sending LeaveGroup request to coordinator localhost:9092 (id: 2147483647 rack: null) due to the consumer unsubscribed from all topics&#13;
2023-05-04 17:57:47.817  INFO 36892 --- [ consumer-0-C-1] o.a.k.c.c.internals.ConsumerCoordinator  : [Consumer clientId=consumer-inventory-operation-2, groupId=inventory-operation] Resetting generation and member id due to: consumer pro-actively leaving the group&#13;
2023-05-04 17:57:47.817  INFO 36892 --- [ consumer-0-C-1] o.a.k.c.c.internals.ConsumerCoordinator  : [Consumer clientId=consumer-inventory-operation-2, groupId=inventory-operation] Request joining group due to: consumer pro-actively leaving the group&#13;
2023-05-04 17:57:47.818  INFO 36892 --- [ consumer-0-C-1] o.a.k.clients.consumer.KafkaConsumer     : [Consumer clientId=consumer-inventory-operation-2, groupId=inventory-operation] Unsubscribed all topics or patterns and assigned partitions&#13;
2023-05-04 17:57:47.818  INFO 36892 --- [ consumer-0-C-1] o.s.s.c.ThreadPoolTaskScheduler          : Shutting down ExecutorService&#13;
2023-05-04 17:57:47.818  INFO 36892 --- [ consumer-0-C-1] o.a.k.c.c.internals.ConsumerCoordinator  : [Consumer clientId=consumer-inventory-operation-2, groupId=inventory-operation] Resetting generation and member id due to: consumer pro-actively leaving the group&#13;
2023-05-04 17:57:47.818  INFO 36892 --- [ consumer-0-C-1] o.a.k.c.c.internals.ConsumerCoordinator  : [Consumer clientId=consumer-inventory-operation-2, groupId=inventory-operation] Request joining group due to: consumer pro-actively leaving the group&#13;
2023-05-04 17:57:47.820  INFO 36892 --- [quest-handler-6] k.coordinator.group.GroupCoordinator     : [GroupCoordinator 0]: Group inventory-operation with generation 2 is now empty (__consumer_offsets-3)&#13;
2023-05-04 17:57:47.821  INFO 36892 --- [quest-handler-6] k.coordinator.group.GroupCoordinator     : [GroupCoordinator 0]: Member MemberMetadata(memberId=consumer-inventory-operation-2-c11edbea-1e89-469c-874f-69a0fdee16f3, groupInstanceId=None, clientId=consumer-inventory-operation-2, clientHost=/127.0.0.1, sessionTimeoutMs=45000, rebalanceTimeoutMs=300000, supportedProtocols=List(range, cooperative-sticky)) has left group inventory-operation through explicit `LeaveGroup`; client reason: the consumer unsubscribed from all topics&#13;
2023-05-04 17:57:47.822  INFO 36892 --- [ consumer-0-C-1] org.apache.kafka.common.metrics.Metrics  : Metrics scheduler closed&#13;
2023-05-04 17:57:47.822  INFO 36892 --- [ consumer-0-C-1] org.apache.kafka.common.metrics.Metrics  : Closing reporter org.apache.kafka.common.metrics.JmxReporter&#13;
2023-05-04 17:57:47.822  INFO 36892 --- [ consumer-0-C-1] org.apache.kafka.common.metrics.Metrics  : Metrics reporters closed&#13;
2023-05-04 17:57:47.825  INFO 36892 --- [ consumer-0-C-1] o.a.kafka.common.utils.AppInfoParser     : App info kafka.consumer for consumer-inventory-operation-2 unregistered&#13;
2023-05-04 17:57:47.825  INFO 36892 --- [ consumer-0-C-1] o.s.k.l.KafkaMessageListenerContainer    : inventory-operation: Consumer stopped&#13;
2023-05-04 17:57:47.826  WARN 36892 --- [enerContainer-2] o.s.j.l.DefaultMessageListenerContainer  : Setup of JMS message listener invoker failed for destination 'inventory.response' - trying to recover. Cause: The Consumer is closed&#13;
2023-05-04 17:57:47.831  WARN 36892 --- [enerContainer-2] o.s.j.l.DefaultMessageListenerContainer  : Setup of JMS message listener invoker failed for destination 'inventory.request' - trying to recover. Cause: The Consumer is closed&#13;
2023-05-04 17:57:47.860  INFO 36892 --- [    Test worker] c.p.demoapp.service.OrderMQService       : Order service sent a message to ActiveMQ: queue://inventory.request 
 Message content: InventoryOperationRequestMessageDTO(operation=DECREASE, orderNumber=23-456-003, inventoryInfos=[InventoryInfoDTO(itemId=1, quantity=1)], info=null)&#13;
2023-05-04 17:57:47.861  INFO 36892 --- [enerContainer-3] .a.ActiveMQInventoryRequestQueueListener : Inventory service receives a message from queue://inventory.request 
 Message content: InventoryOperationRequestMessageDTO(operation=DECREASE, orderNumber=23-456-003, inventoryInfos=[InventoryInfoDTO(itemId=1, quantity=1)], info=null)&#13;
2023-05-04 17:57:47.866  INFO 36892 --- [enerContainer-3] .a.ActiveMQInventoryRequestQueueListener : Inventory service replied a message to queue://inventory.response(default JMSReplyTo destination: true) 
 Message content: InventoryOperationResultMessageDTO(operation=DECREASE, orderNumber=23-456-003, status=SUCCESS, info=null)&#13;
2023-05-04 17:57:47.869  INFO 36892 --- [enerContainer-3] a.ActiveMQInventoryResponseQueueListener : Order service receives a message from queue://inventory.response 
 Message content: InventoryOperationResultMessageDTO(operation=DECREASE, orderNumber=23-456-003, status=SUCCESS, info=null)&#13;
2023-05-04 17:57:47.876  INFO 36892 --- [enerContainer-3] a.ActiveMQInventoryResponseQueueListener : Order service has no response message to reply.&#13;
2023-05-04 17:57:48.885  INFO 36892 --- [    Test worker] c.p.demoapp.service.OrderMQService       : Order service sent a message to ActiveMQ: queue://inventory.request 
 Message content: InventoryOperationRequestMessageDTO(operation=INCREASE, orderNumber=23-456-003, inventoryInfos=[InventoryInfoDTO(itemId=1, quantity=1)], info=null)&#13;
2023-05-04 17:57:48.887  INFO 36892 --- [enerContainer-3] .a.ActiveMQInventoryRequestQueueListener : Inventory service receives a message from queue://inventory.request 
 Message content: InventoryOperationRequestMessageDTO(operation=INCREASE, orderNumber=23-456-003, inventoryInfos=[InventoryInfoDTO(itemId=1, quantity=1)], info=null)&#13;
2023-05-04 17:57:48.890  INFO 36892 --- [enerContainer-3] .a.ActiveMQInventoryRequestQueueListener : Inventory service replied a message to queue://inventory.response(default JMSReplyTo destination: true) 
 Message content: InventoryOperationResultMessageDTO(operation=INCREASE, orderNumber=23-456-003, status=SUCCESS, info=null)&#13;
2023-05-04 17:57:48.892  INFO 36892 --- [enerContainer-3] a.ActiveMQInventoryResponseQueueListener : Order service receives a message from queue://inventory.response 
 Message content: InventoryOperationResultMessageDTO(operation=INCREASE, orderNumber=23-456-003, status=SUCCESS, info=null)&#13;
2023-05-04 17:57:48.893  INFO 36892 --- [enerContainer-3] a.ActiveMQInventoryResponseQueueListener : Order service has no response message to reply.&#13;
</output>
        </test>
    </suite>
    <suite duration="8" locationUrl="java:suite://com.parasoft.demoapp.config.rabbitmq.RabbitMQConfigSpringTest" name="com.parasoft.demoapp.config.rabbitmq.RabbitMQConfigSpringTest" status="passed">
        <test duration="8" locationUrl="java:test://com.parasoft.demoapp.config.rabbitmq.RabbitMQConfigSpringTest.testInitRabbitMQConfig" name="testInitRabbitMQConfig" status="passed"/>
    </suite>
    <suite duration="300" locationUrl="java:suite://com.parasoft.demoapp.config.rabbitmq.RabbitMQInventoryRequestQueueListenerTest" name="com.parasoft.demoapp.config.rabbitmq.RabbitMQInventoryRequestQueueListenerTest" status="passed">
        <test duration="270" locationUrl="java:test://com.parasoft.demoapp.config.rabbitmq.RabbitMQInventoryRequestQueueListenerTest.testOnMessage_MessageToReply_Null" name="testOnMessage_MessageToReply_Null" status="passed">
            <output type="stdout">2023-05-04 17:58:03.430  INFO 36892 --- [    Test worker] .r.RabbitMQInventoryRequestQueueListener : Inventory service receives a message from RabbitMQ queue: test.consumer.queue 
 Message content: Mock for InventoryOperationRequestMessageDTO, hashCode: 529538039&#13;
2023-05-04 17:58:03.432  INFO 36892 --- [    Test worker] .r.RabbitMQInventoryRequestQueueListener : Inventory service has no response message to reply.&#13;
</output>
        </test>
        <test duration="30" locationUrl="java:test://com.parasoft.demoapp.config.rabbitmq.RabbitMQInventoryRequestQueueListenerTest.testOnMessage_MessageToReply_NotNull" name="testOnMessage_MessageToReply_NotNull" status="passed">
            <output type="stdout">2023-05-04 17:58:03.461  INFO 36892 --- [    Test worker] .r.RabbitMQInventoryRequestQueueListener : Inventory service receives a message from RabbitMQ queue: test.consumer.queue 
 Message content: Mock for InventoryOperationRequestMessageDTO, hashCode: 1094232697&#13;
</output>
        </test>
    </suite>
    <suite duration="276" locationUrl="java:suite://com.parasoft.demoapp.config.rabbitmq.RabbitMQInventoryResponseQueueListenerTest" name="com.parasoft.demoapp.config.rabbitmq.RabbitMQInventoryResponseQueueListenerTest" status="passed">
        <test duration="263" locationUrl="java:test://com.parasoft.demoapp.config.rabbitmq.RabbitMQInventoryResponseQueueListenerTest.testRefreshDestination_UnchangedDestination" name="testRefreshDestination_UnchangedDestination" status="passed"/>
        <test duration="6" locationUrl="java:test://com.parasoft.demoapp.config.rabbitmq.RabbitMQInventoryResponseQueueListenerTest.testOnMessage_MessageToReply_Null" name="testOnMessage_MessageToReply_Null" status="passed">
            <output type="stdout">2023-05-04 17:58:03.731  INFO 36892 --- [    Test worker] r.RabbitMQInventoryResponseQueueListener : Order service receives a message from RabbitMQ queue: test.consumer.queue 
 Message content: Mock for InventoryOperationResultMessageDTO, hashCode: 131362651&#13;
2023-05-04 17:58:03.732  INFO 36892 --- [    Test worker] r.RabbitMQInventoryResponseQueueListener : Order service has no response message to reply.&#13;
</output>
        </test>
        <test duration="1" locationUrl="java:test://com.parasoft.demoapp.config.rabbitmq.RabbitMQInventoryResponseQueueListenerTest.testStopAllListenedDestinations" name="testStopAllListenedDestinations" status="passed"/>
        <test duration="1" locationUrl="java:test://com.parasoft.demoapp.config.rabbitmq.RabbitMQInventoryResponseQueueListenerTest.testRegisterListener" name="testRegisterListener" status="passed"/>
        <test duration="2" locationUrl="java:test://com.parasoft.demoapp.config.rabbitmq.RabbitMQInventoryResponseQueueListenerTest.testRefreshDestination_ChangedDestination" name="testRefreshDestination_ChangedDestination" status="passed"/>
        <test duration="3" locationUrl="java:test://com.parasoft.demoapp.config.rabbitmq.RabbitMQInventoryResponseQueueListenerTest.testOnMessage_MessageToReply_NotNull" name="testOnMessage_MessageToReply_NotNull" status="passed">
            <output type="stdout">2023-05-04 17:58:03.739  INFO 36892 --- [    Test worker] r.RabbitMQInventoryResponseQueueListener : Order service receives a message from RabbitMQ queue: test.consumer.queue 
 Message content: Mock for InventoryOperationResultMessageDTO, hashCode: 138623262&#13;
</output>
        </test>
    </suite>
    <suite duration="6" locationUrl="java:suite://com.parasoft.demoapp.config.security.CustomAuthenticationEntryPointTest" name="com.parasoft.demoapp.config.security.CustomAuthenticationEntryPointTest" status="passed">
        <test duration="2" locationUrl="java:test://com.parasoft.demoapp.config.security.CustomAuthenticationEntryPointTest.testCommence_returnJsonString" name="testCommence_returnJsonString" status="passed"/>
        <test duration="0" locationUrl="java:test://com.parasoft.demoapp.config.security.CustomAuthenticationEntryPointTest.testCommence_redirectToLoginPage" name="testCommence_redirectToLoginPage" status="passed"/>
        <test duration="2" locationUrl="java:test://com.parasoft.demoapp.config.security.CustomAuthenticationEntryPointTest.testIsRestfulApiRequest_false" name="testIsRestfulApiRequest_false" status="passed"/>
        <test duration="1" locationUrl="java:test://com.parasoft.demoapp.config.security.CustomAuthenticationEntryPointTest.testIsRestfulApiRequest_true1" name="testIsRestfulApiRequest_true1" status="passed"/>
        <test duration="0" locationUrl="java:test://com.parasoft.demoapp.config.security.CustomAuthenticationEntryPointTest.testIsRestfulApiRequest_true2" name="testIsRestfulApiRequest_true2" status="passed"/>
        <test duration="1" locationUrl="java:test://com.parasoft.demoapp.config.security.CustomAuthenticationEntryPointTest.testIsRestfulApiRequest_true3" name="testIsRestfulApiRequest_true3" status="passed"/>
        <test duration="0" locationUrl="java:test://com.parasoft.demoapp.config.security.CustomAuthenticationEntryPointTest.testIsRestfulApiRequest_true4" name="testIsRestfulApiRequest_true4" status="passed"/>
    </suite>
</testrun>
